#
# A fatal error has been detected by the Java Runtime Environment:
#
#  SIGSEGV (0xb) at pc=0x00007fba1135bd04, pid=3938, tid=0x00007fba63389700
#
# JRE version: OpenJDK Runtime Environment (8.0_162-b12) (build 1.8.0_162-8u162-b12-0ubuntu0.16.04.2-b12)
# Java VM: OpenJDK 64-Bit Server VM (25.162-b12 mixed mode linux-amd64 compressed oops)
# Problematic frame:
# C  [libglpk.so.36+0x92d04]
#
# Failed to write core dump. Core dumps have been disabled. To enable core dumping, try "ulimit -c unlimited" before starting Java again
#
# If you would like to submit a bug report, please visit:
#   http://bugreport.java.com/bugreport/crash.jsp
# The crash happened outside the Java Virtual Machine in native code.
# See problematic frame for where to report the bug.
#

---------------  T H R E A D  ---------------

Current thread (0x00007fba843a4800):  JavaThread "AWT-EventQueue-0" [_thread_in_native, id=3970, stack(0x00007fba63289000,0x00007fba6338a000)]

siginfo: si_signo: 11 (SIGSEGV), si_code: 1 (SEGV_MAPERR), si_addr: 0x0000000000000100

Registers:
RAX=0x0000000000000000, RBX=0x0000000000000000, RCX=0x00007fba63386368, RDX=0xdea279de0cf497b8
RSP=0x00007fba633861d0, RBP=0x00007fba63386348, RSI=0x00007fba63386210, RDI=0x0000000000000000
R8 =0x00007fba1266f468, R9 =0x000000000000000c, R10=0x00000000000000af, R11=0x00007fba112d2d90
R12=0x0000000000000000, R13=0x00007fba1266f468, R14=0x00007fba63386378, R15=0x00007fba843a4800
RIP=0x00007fba1135bd04, EFLAGS=0x0000000000010246, CSGSFS=0x002b000000000033, ERR=0x0000000000000004
  TRAPNO=0x000000000000000e

Top of Stack: (sp=0x00007fba633861d0)
0x00007fba633861d0:   00007fba180d1d50 00007fba112cfde3
0x00007fba633861e0:   00007fba180d1d50 00007fba112d2dce
0x00007fba633861f0:   00007fba1266f468 00007fba115b50fb
0x00007fba63386200:   00007fba843a49e0 00007fba180d1d50
0x00007fba63386210:   00007fba1266f468 dea279de0e6497b8
0x00007fba63386220:   0000000000000000 00007fba1266f468
0x00007fba63386230:   00007fba63386378 00007fba843a4800
0x00007fba63386240:   dea279de0cf497b8 dea29d18681297b8
0x00007fba63386250:   00007fba00000000 00007fba843a4800
0x00007fba63386260:   00007fba63386280 00007fba8b3158e9
0x00007fba63386270:   00007fba843a4800 00007fba1266f468
0x00007fba63386280:   00007fba1266f468 00007fba843a4800
0x00007fba63386290:   00007fba1266f468 00007fba843a4800
0x00007fba633862a0:   0000000000000000 0abdcd9890807500
0x00007fba633862b0:   00007fba63386378 00007fba1266f468
0x00007fba633862c0:   0000000000000000 00007fba1266f468
0x00007fba633862d0:   00007fba63386348 0abdcd9890807500
0x00007fba633862e0:   00007fba1266f468 00007fba750207e8
0x00007fba633862f0:   00007fba63386348 00007fba75020267
0x00007fba63386300:   00007fba75020222 00007fba63386308
0x00007fba63386310:   00007fba1266f468 00007fba63386378
0x00007fba63386320:   00007fba12679788 0000000000000000
0x00007fba63386330:   00007fba1266f468 0000000000000000
0x00007fba63386340:   00007fba63386368 00007fba633863c0
0x00007fba63386350:   00007fba7500809d 00000000d8055078
0x00007fba63386360:   00007fba75016a78 00000000d805d268
0x00007fba63386370:   00007fba180d1d50 00000000d805d268
0x00007fba63386380:   00007fba63386380 00007fba1265479d
0x00007fba63386390:   00007fba633863d0 00007fba1265e3e8
0x00007fba633863a0:   0000000000000000 00007fba126547a8
0x00007fba633863b0:   00007fba63386368 00007fba633863d0
0x00007fba633863c0:   00007fba63386418 00007fba7500809d 

Instructions: (pc=0x00007fba1135bd04)
0x00007fba1135bce4:   ff 90 66 2e 0f 1f 84 00 00 00 00 00 48 8b 87 10
0x00007fba1135bcf4:   01 00 00 c3 0f 1f 84 00 00 00 00 00 53 48 89 fb
0x00007fba1135bd04:   48 8b bf 00 01 00 00 48 85 ff 74 1b 48 8b 07 48
0x00007fba1135bd14:   89 83 00 01 00 00 e8 31 af ff ff 48 8b bb 00 01 

Register to memory mapping:

RAX=0x0000000000000000 is an unknown value
RBX=0x0000000000000000 is an unknown value
RCX=0x00007fba63386368 is pointing into the stack for thread: 0x00007fba843a4800
RDX=0xdea279de0cf497b8 is an unknown value
RSP=0x00007fba633861d0 is pointing into the stack for thread: 0x00007fba843a4800
RBP=0x00007fba63386348 is pointing into the stack for thread: 0x00007fba843a4800
RSI=0x00007fba63386210 is pointing into the stack for thread: 0x00007fba843a4800
RDI=0x0000000000000000 is an unknown value
R8 ={method} {0x00007fba1266f468} 'glp_delete_prob' '(JLorg/gnu/glpk/glp_prob;)V' in 'org/gnu/glpk/GLPKJNI'
R9 =0x000000000000000c is an unknown value
R10=0x00000000000000af is an unknown value
R11=0x00007fba112d2d90: glp_delete_prob+0 in /usr/lib/x86_64-linux-gnu/libglpk.so.36 at 0x00007fba112c9000
R12=0x0000000000000000 is an unknown value
R13={method} {0x00007fba1266f468} 'glp_delete_prob' '(JLorg/gnu/glpk/glp_prob;)V' in 'org/gnu/glpk/GLPKJNI'
R14=0x00007fba63386378 is pointing into the stack for thread: 0x00007fba843a4800
R15=0x00007fba843a4800 is a thread


Stack: [0x00007fba63289000,0x00007fba6338a000],  sp=0x00007fba633861d0,  free space=1012k
Native frames: (J=compiled Java code, j=interpreted, Vv=VM code, C=native code)
C  [libglpk.so.36+0x92d04]
j  org.gnu.glpk.GLPK.glp_delete_prob(Lorg/gnu/glpk/glp_prob;)V+5
j  SysnovaFeed.Formulation.calculation(I)Z+1677
j  SysnovaFeed.CompoundFormulation.formulaBtnActionPerformed(Ljava/awt/event/ActionEvent;)V+837
j  SysnovaFeed.CompoundFormulation.access$1400(LSysnovaFeed/CompoundFormulation;Ljava/awt/event/ActionEvent;)V+2
j  SysnovaFeed.CompoundFormulation$17.actionPerformed(Ljava/awt/event/ActionEvent;)V+5
j  javax.swing.AbstractButton.fireActionPerformed(Ljava/awt/event/ActionEvent;)V+83
j  javax.swing.AbstractButton$Handler.actionPerformed(Ljava/awt/event/ActionEvent;)V+5
j  javax.swing.DefaultButtonModel.fireActionPerformed(Ljava/awt/event/ActionEvent;)V+34
j  javax.swing.DefaultButtonModel.setPressed(Z)V+117
j  javax.swing.plaf.basic.BasicButtonListener.mouseReleased(Ljava/awt/event/MouseEvent;)V+35
j  java.awt.AWTEventMulticaster.mouseReleased(Ljava/awt/event/MouseEvent;)V+8
j  java.awt.Component.processMouseEvent(Ljava/awt/event/MouseEvent;)V+64
j  javax.swing.JComponent.processMouseEvent(Ljava/awt/event/MouseEvent;)V+23
J 4007 C1 java.awt.Component.processEvent(Ljava/awt/AWTEvent;)V (220 bytes) @ 0x00007fba75c96e74 [0x00007fba75c96940+0x534]
J 4006 C1 java.awt.Container.processEvent(Ljava/awt/AWTEvent;)V (22 bytes) @ 0x00007fba756cbf2c [0x00007fba756cbbe0+0x34c]
J 3970 C1 java.awt.Component.dispatchEventImpl(Ljava/awt/AWTEvent;)V (883 bytes) @ 0x00007fba75c82f2c [0x00007fba75c7da40+0x54ec]
J 3974 C2 java.awt.Container.dispatchEventImpl(Ljava/awt/AWTEvent;)V (129 bytes) @ 0x00007fba75ca567c [0x00007fba75ca4f00+0x77c]
J 3973 C2 java.awt.LightweightDispatcher.retargetMouseEvent(Ljava/awt/Component;ILjava/awt/event/MouseEvent;)V (350 bytes) @ 0x00007fba75c8e8e0 [0x00007fba75c8e2e0+0x600]
J 3974 C2 java.awt.Container.dispatchEventImpl(Ljava/awt/AWTEvent;)V (129 bytes) @ 0x00007fba75ca53e0 [0x00007fba75ca4f00+0x4e0]
J 3972 C1 java.awt.Window.dispatchEventImpl(Ljava/awt/AWTEvent;)V (23 bytes) @ 0x00007fba751ffe94 [0x00007fba751ff8a0+0x5f4]
J 3964 C1 java.awt.EventQueue.dispatchEventImpl(Ljava/awt/AWTEvent;Ljava/lang/Object;)V (149 bytes) @ 0x00007fba75c7831c [0x00007fba75c76ac0+0x185c]
J 3963 C1 java.awt.EventQueue$3.run()Ljava/lang/Void; (60 bytes) @ 0x00007fba752dbc54 [0x00007fba752dba40+0x214]
J 3962 C1 java.awt.EventQueue$3.run()Ljava/lang/Object; (5 bytes) @ 0x00007fba755f8484 [0x00007fba755f8400+0x84]
v  ~StubRoutines::call_stub
V  [libjvm.so+0x66440b]
V  [libjvm.so+0x6b5259]  JVM_DoPrivileged+0x429
J 1076  java.security.AccessController.doPrivileged(Ljava/security/PrivilegedAction;Ljava/security/AccessControlContext;)Ljava/lang/Object; (0 bytes) @ 0x00007fba753d4655 [0x00007fba753d4580+0xd5]
J 3969 C1 java.awt.EventQueue$4.run()Ljava/lang/Object; (5 bytes) @ 0x00007fba75af3344 [0x00007fba75af2f40+0x404]
v  ~StubRoutines::call_stub
V  [libjvm.so+0x66440b]
V  [libjvm.so+0x6b5259]  JVM_DoPrivileged+0x429
J 1076  java.security.AccessController.doPrivileged(Ljava/security/PrivilegedAction;Ljava/security/AccessControlContext;)Ljava/lang/Object; (0 bytes) @ 0x00007fba753d4655 [0x00007fba753d4580+0xd5]
J 3961 C1 java.awt.EventQueue.dispatchEvent(Ljava/awt/AWTEvent;)V (80 bytes) @ 0x00007fba75c7573c [0x00007fba75c748c0+0xe7c]
J 3960 C1 java.awt.EventDispatchThread.pumpOneEventForFilters(I)V (190 bytes) @ 0x00007fba75c0f1bc [0x00007fba75c0e040+0x117c]
j  java.awt.EventDispatchThread.pumpEventsForFilter(ILjava/awt/Conditional;Ljava/awt/EventFilter;)V+35
j  java.awt.EventDispatchThread.pumpEventsForHierarchy(ILjava/awt/Conditional;Ljava/awt/Component;)V+11
j  java.awt.EventDispatchThread.pumpEvents(ILjava/awt/Conditional;)V+4
j  java.awt.EventDispatchThread.pumpEvents(Ljava/awt/Conditional;)V+3
j  java.awt.EventDispatchThread.run()V+9
v  ~StubRoutines::call_stub
V  [libjvm.so+0x66440b]
V  [libjvm.so+0x6619e4]
V  [libjvm.so+0x661fc7]
V  [libjvm.so+0x6a5254]
V  [libjvm.so+0xa117f7]
V  [libjvm.so+0xa11cbc]
V  [libjvm.so+0x8b7222]
C  [libpthread.so.0+0x76ba]  start_thread+0xca

Java frames: (J=compiled Java code, j=interpreted, Vv=VM code)
j  org.gnu.glpk.GLPKJNI.glp_delete_prob(JLorg/gnu/glpk/glp_prob;)V+0
j  org.gnu.glpk.GLPK.glp_delete_prob(Lorg/gnu/glpk/glp_prob;)V+5
j  SysnovaFeed.Formulation.calculation(I)Z+1677
j  SysnovaFeed.CompoundFormulation.formulaBtnActionPerformed(Ljava/awt/event/ActionEvent;)V+837
j  SysnovaFeed.CompoundFormulation.access$1400(LSysnovaFeed/CompoundFormulation;Ljava/awt/event/ActionEvent;)V+2
j  SysnovaFeed.CompoundFormulation$17.actionPerformed(Ljava/awt/event/ActionEvent;)V+5
j  javax.swing.AbstractButton.fireActionPerformed(Ljava/awt/event/ActionEvent;)V+83
j  javax.swing.AbstractButton$Handler.actionPerformed(Ljava/awt/event/ActionEvent;)V+5
j  javax.swing.DefaultButtonModel.fireActionPerformed(Ljava/awt/event/ActionEvent;)V+34
j  javax.swing.DefaultButtonModel.setPressed(Z)V+117
j  javax.swing.plaf.basic.BasicButtonListener.mouseReleased(Ljava/awt/event/MouseEvent;)V+35
j  java.awt.AWTEventMulticaster.mouseReleased(Ljava/awt/event/MouseEvent;)V+8
j  java.awt.Component.processMouseEvent(Ljava/awt/event/MouseEvent;)V+64
j  javax.swing.JComponent.processMouseEvent(Ljava/awt/event/MouseEvent;)V+23
J 4007 C1 java.awt.Component.processEvent(Ljava/awt/AWTEvent;)V (220 bytes) @ 0x00007fba75c96e74 [0x00007fba75c96940+0x534]
J 4006 C1 java.awt.Container.processEvent(Ljava/awt/AWTEvent;)V (22 bytes) @ 0x00007fba756cbf2c [0x00007fba756cbbe0+0x34c]
J 3970 C1 java.awt.Component.dispatchEventImpl(Ljava/awt/AWTEvent;)V (883 bytes) @ 0x00007fba75c82f2c [0x00007fba75c7da40+0x54ec]
J 3974 C2 java.awt.Container.dispatchEventImpl(Ljava/awt/AWTEvent;)V (129 bytes) @ 0x00007fba75ca567c [0x00007fba75ca4f00+0x77c]
J 3973 C2 java.awt.LightweightDispatcher.retargetMouseEvent(Ljava/awt/Component;ILjava/awt/event/MouseEvent;)V (350 bytes) @ 0x00007fba75c8e8e0 [0x00007fba75c8e2e0+0x600]
J 3974 C2 java.awt.Container.dispatchEventImpl(Ljava/awt/AWTEvent;)V (129 bytes) @ 0x00007fba75ca53e0 [0x00007fba75ca4f00+0x4e0]
J 3972 C1 java.awt.Window.dispatchEventImpl(Ljava/awt/AWTEvent;)V (23 bytes) @ 0x00007fba751ffe94 [0x00007fba751ff8a0+0x5f4]
J 3964 C1 java.awt.EventQueue.dispatchEventImpl(Ljava/awt/AWTEvent;Ljava/lang/Object;)V (149 bytes) @ 0x00007fba75c7831c [0x00007fba75c76ac0+0x185c]
J 3963 C1 java.awt.EventQueue$3.run()Ljava/lang/Void; (60 bytes) @ 0x00007fba752dbc54 [0x00007fba752dba40+0x214]
J 3962 C1 java.awt.EventQueue$3.run()Ljava/lang/Object; (5 bytes) @ 0x00007fba755f8484 [0x00007fba755f8400+0x84]
v  ~StubRoutines::call_stub
J 1076  java.security.AccessController.doPrivileged(Ljava/security/PrivilegedAction;Ljava/security/AccessControlContext;)Ljava/lang/Object; (0 bytes) @ 0x00007fba753d45e3 [0x00007fba753d4580+0x63]
J 3969 C1 java.awt.EventQueue$4.run()Ljava/lang/Object; (5 bytes) @ 0x00007fba75af3344 [0x00007fba75af2f40+0x404]
v  ~StubRoutines::call_stub
J 1076  java.security.AccessController.doPrivileged(Ljava/security/PrivilegedAction;Ljava/security/AccessControlContext;)Ljava/lang/Object; (0 bytes) @ 0x00007fba753d45e3 [0x00007fba753d4580+0x63]
J 3961 C1 java.awt.EventQueue.dispatchEvent(Ljava/awt/AWTEvent;)V (80 bytes) @ 0x00007fba75c7573c [0x00007fba75c748c0+0xe7c]
J 3960 C1 java.awt.EventDispatchThread.pumpOneEventForFilters(I)V (190 bytes) @ 0x00007fba75c0f1bc [0x00007fba75c0e040+0x117c]
j  java.awt.EventDispatchThread.pumpEventsForFilter(ILjava/awt/Conditional;Ljava/awt/EventFilter;)V+35
j  java.awt.EventDispatchThread.pumpEventsForHierarchy(ILjava/awt/Conditional;Ljava/awt/Component;)V+11
j  java.awt.EventDispatchThread.pumpEvents(ILjava/awt/Conditional;)V+4
j  java.awt.EventDispatchThread.pumpEvents(Ljava/awt/Conditional;)V+3
j  java.awt.EventDispatchThread.run()V+9
v  ~StubRoutines::call_stub

---------------  P R O C E S S  ---------------

Java Threads: ( => current thread )
  0x00007fba0402a000 JavaThread "H2 TCP Server (tcp://127.0.1.1:9092) thread" [_thread_in_native, id=4098, stack(0x00007fba129e1000,0x00007fba12ae2000)]
  0x00007fba04022800 JavaThread "H2 TCP Server (tcp://127.0.1.1:9092) thread" [_thread_in_native, id=4096, stack(0x00007fba120dc000,0x00007fba121dd000)]
  0x00007fba0400e800 JavaThread "H2 TCP Server (tcp://127.0.1.1:9092) thread" [_thread_in_native, id=4095, stack(0x00007fba122de000,0x00007fba123df000)]
  0x00007fba04019800 JavaThread "H2 TCP Server (tcp://127.0.1.1:9092) thread" [_thread_in_native, id=4089, stack(0x00007fba12ee6000,0x00007fba12fe7000)]
  0x00007fba04024800 JavaThread "H2 TCP Server (tcp://127.0.1.1:9092) thread" [_thread_in_native, id=4088, stack(0x00007fba63aef000,0x00007fba63bf0000)]
  0x00007fba04015800 JavaThread "H2 TCP Server (tcp://127.0.1.1:9092) thread" [_thread_in_native, id=4087, stack(0x00007fba11dd9000,0x00007fba11eda000)]
  0x00007fba0401f800 JavaThread "H2 TCP Server (tcp://127.0.1.1:9092) thread" [_thread_in_native, id=4086, stack(0x00007fba11fdb000,0x00007fba120dc000)]
  0x00007fba04014000 JavaThread "H2 TCP Server (tcp://127.0.1.1:9092) thread" [_thread_in_native, id=4077, stack(0x00007fba11cd8000,0x00007fba11dd9000)]
  0x00007fba04021000 JavaThread "H2 TCP Server (tcp://127.0.1.1:9092) thread" [_thread_in_native, id=4076, stack(0x00007fba12ce4000,0x00007fba12de5000)]
  0x00007fba0400d000 JavaThread "H2 TCP Server (tcp://127.0.1.1:9092) thread" [_thread_in_native, id=4073, stack(0x00007fba12de5000,0x00007fba12ee6000)]
  0x00007fba04009800 JavaThread "H2 TCP Server (tcp://127.0.1.1:9092) thread" [_thread_in_native, id=4072, stack(0x00007fba11bd7000,0x00007fba11cd8000)]
  0x00007fba04028000 JavaThread "H2 TCP Server (tcp://127.0.1.1:9092) thread" [_thread_in_native, id=4058, stack(0x00007fba11ad6000,0x00007fba11bd7000)]
  0x00007fba04010000 JavaThread "H2 TCP Server (tcp://127.0.1.1:9092) thread" [_thread_in_native, id=4046, stack(0x00007fba12ae2000,0x00007fba12be3000)]
  0x00007fba04026800 JavaThread "H2 TCP Server (tcp://127.0.1.1:9092) thread" [_thread_in_native, id=4045, stack(0x00007fba123df000,0x00007fba124e0000)]
  0x00007fba04018000 JavaThread "H2 TCP Server (tcp://127.0.1.1:9092) thread" [_thread_in_native, id=4025, stack(0x00007fba11eda000,0x00007fba11fdb000)]
  0x00007fba0400c000 JavaThread "H2 TCP Server (tcp://127.0.1.1:9092) thread" [_thread_in_native, id=4016, stack(0x00007fba121dd000,0x00007fba122de000)]
  0x00007fba04012000 JavaThread "H2 TCP Server (tcp://127.0.1.1:9092) thread" [_thread_in_native, id=4015, stack(0x00007fba119d5000,0x00007fba11ad6000)]
  0x00007fba0402c000 JavaThread "H2 TCP Server (tcp://127.0.1.1:9092) thread" [_thread_in_native, id=4014, stack(0x00007fba117d3000,0x00007fba118d4000)]
  0x00007fba18114800 JavaThread "TimerQueue" daemon [_thread_blocked, id=3990, stack(0x00007fba12be3000,0x00007fba12ce4000)]
  0x00007fba8400e800 JavaThread "DestroyJavaVM" [_thread_blocked, id=3940, stack(0x00007fba8c71e000,0x00007fba8c81f000)]
  0x00007fba08043000 JavaThread "H2 Log Writer FEEDDATABASE" daemon [_thread_blocked, id=3979, stack(0x00007fba133e7000,0x00007fba134e8000)]
  0x00007fba08012000 JavaThread "H2 TCP Server (tcp://127.0.1.1:36865)" daemon [_thread_in_native, id=3977, stack(0x00007fba134e8000,0x00007fba135e9000)]
  0x00007fba08011800 JavaThread "H2 File Lock Watchdog /root/feedDatabase.lock.db" daemon [_thread_blocked, id=3976, stack(0x00007fba135e9000,0x00007fba136ea000)]
  0x00007fba8456b800 JavaThread "H2 TCP Server (tcp://127.0.1.1:9092)" [_thread_in_native, id=3972, stack(0x00007fba137eb000,0x00007fba138ec000)]
  0x00007fba18004000 JavaThread "org.netbeans.modules.debugger.jpda.visual AWT Access Loop" daemon [_thread_blocked, id=3971, stack(0x00007fba13aec000,0x00007fba13bed000)]
=>0x00007fba843a4800 JavaThread "AWT-EventQueue-0" [_thread_in_native, id=3970, stack(0x00007fba63289000,0x00007fba6338a000)]
  0x00007fba843a3000 JavaThread "AWT-Shutdown" [_thread_blocked, id=3969, stack(0x00007fba6338a000,0x00007fba6348b000)]
  0x00007fba84349000 JavaThread "AWT-XAWT" daemon [_thread_in_native, id=3967, stack(0x00007fba680d3000,0x00007fba681d4000)]
  0x00007fba84321800 JavaThread "Java2D Disposer" daemon [_thread_blocked, id=3966, stack(0x00007fba681d4000,0x00007fba682d5000)]
  0x00007fba840cc000 JavaThread "Service Thread" daemon [_thread_blocked, id=3964, stack(0x00007fba6a37e000,0x00007fba6a47f000)]
  0x00007fba840c8800 JavaThread "C1 CompilerThread2" daemon [_thread_blocked, id=3963, stack(0x00007fba6a47f000,0x00007fba6a580000)]
  0x00007fba840c6800 JavaThread "C2 CompilerThread1" daemon [_thread_blocked, id=3962, stack(0x00007fba6a580000,0x00007fba6a681000)]
  0x00007fba840c4000 JavaThread "C2 CompilerThread0" daemon [_thread_blocked, id=3961, stack(0x00007fba6a681000,0x00007fba6a782000)]
  0x00007fba48001000 JavaThread "JDWP Command Reader" daemon [_thread_in_native, id=3954, stack(0x00007fba6a782000,0x00007fba6a883000)]
  0x00007fba840c1800 JavaThread "JDWP Event Helper Thread" daemon [_thread_blocked, id=3953, stack(0x00007fba6a883000,0x00007fba6a984000)]
  0x00007fba840be000 JavaThread "JDWP Transport Listener: dt_socket" daemon [_thread_blocked, id=3952, stack(0x00007fba6a984000,0x00007fba6aa85000)]
  0x00007fba840ae800 JavaThread "Signal Dispatcher" daemon [_thread_blocked, id=3951, stack(0x00007fba6ac8a000,0x00007fba6ad8b000)]
  0x00007fba84088800 JavaThread "Finalizer" daemon [_thread_blocked, id=3950, stack(0x00007fba6ad8b000,0x00007fba6ae8c000)]
  0x00007fba84084000 JavaThread "Reference Handler" daemon [_thread_blocked, id=3949, stack(0x00007fba6ae8c000,0x00007fba6af8d000)]

Other Threads:
  0x00007fba8407c000 VMThread [stack: 0x00007fba6af8d000,0x00007fba6b08e000] [id=3948]
  0x00007fba840ce800 WatcherThread [stack: 0x00007fba6a27d000,0x00007fba6a37e000] [id=3965]

VM state:not at safepoint (normal execution)

VM Mutex/Monitor currently owned by a thread: None

Heap:
 PSYoungGen      total 36864K, used 19427K [0x00000000d7100000, 0x00000000da880000, 0x0000000100000000)
  eden space 31744K, 51% used [0x00000000d7100000,0x00000000d80fcbe8,0x00000000d9000000)
  from space 5120K, 59% used [0x00000000d9000000,0x00000000d92fc360,0x00000000d9500000)
  to   space 5120K, 0% used [0x00000000da380000,0x00000000da380000,0x00000000da880000)
 ParOldGen       total 55808K, used 7117K [0x0000000085200000, 0x0000000088880000, 0x00000000d7100000)
  object space 55808K, 12% used [0x0000000085200000,0x00000000858f3520,0x0000000088880000)
 Metaspace       used 24527K, capacity 24812K, committed 25088K, reserved 1071104K
  class space    used 2638K, capacity 2724K, committed 2816K, reserved 1048576K

Card table byte_map: [0x00007fba88291000,0x00007fba88669000] byte_map_base: 0x00007fba87e68000

Marking Bits: (ParMarkBitMap*) 0x00007fba8b9ea300
 Begin Bits: [0x00007fba70e8c000, 0x00007fba72d44000)
 End Bits:   [0x00007fba72d44000, 0x00007fba74bfc000)

Polling page: 0x00007fba8c83e000

CodeCache: size=245760Kb used=13545Kb max_used=13603Kb free=232214Kb
 bounds [0x00007fba75000000, 0x00007fba75d90000, 0x00007fba84000000]
 total_blobs=4245 nmethods=3511 adapters=654
 compilation: enabled

Compilation events (10 events):
Event: 369.485 Thread 0x00007fba840c8800 4087       3       java.awt.ModalEventFilter::acceptEvent (131 bytes)
Event: 369.486 Thread 0x00007fba840c8800 nmethod 4087 0x00007fba7537e610 code [0x00007fba7537e800, 0x00007fba7537f5a8]
Event: 369.549 Thread 0x00007fba840c4000 4088   !   4       java.awt.Container::dispatchEventImpl (129 bytes)
Event: 369.876 Thread 0x00007fba840c8800 4089       3       java.awt.Window::dispatchEventImpl (23 bytes)
Event: 369.876 Thread 0x00007fba840c8800 nmethod 4089 0x00007fba7593abd0 code [0x00007fba7593ada0, 0x00007fba7593b4f8]
Event: 369.876 Thread 0x00007fba840c8800 4090       3       java.awt.WaitDispatchSupport::access$000 (4 bytes)
Event: 369.877 Thread 0x00007fba840c8800 nmethod 4090 0x00007fba75773c50 code [0x00007fba75773da0, 0x00007fba75773ed0]
Event: 369.922 Thread 0x00007fba840c4000 nmethod 4088 0x00007fba75d65a50 code [0x00007fba75d66bc0, 0x00007fba75d743c8]
Event: 370.405 Thread 0x00007fba840c8800 4091       1       javax.swing.DefaultButtonModel::isMenuItem (5 bytes)
Event: 370.406 Thread 0x00007fba840c8800 nmethod 4091 0x00007fba756d75d0 code [0x00007fba756d7720, 0x00007fba756d7830]

GC Heap History (8 events):
Event: 2.496 GC heap before
{Heap before GC invocations=1 (full 0):
 PSYoungGen      total 36864K, used 31744K [0x00000000d7100000, 0x00000000d9a00000, 0x0000000100000000)
  eden space 31744K, 100% used [0x00000000d7100000,0x00000000d9000000,0x00000000d9000000)
  from space 5120K, 0% used [0x00000000d9500000,0x00000000d9500000,0x00000000d9a00000)
  to   space 5120K, 0% used [0x00000000d9000000,0x00000000d9000000,0x00000000d9500000)
 ParOldGen       total 84992K, used 0K [0x0000000085200000, 0x000000008a500000, 0x00000000d7100000)
  object space 84992K, 0% used [0x0000000085200000,0x0000000085200000,0x000000008a500000)
 Metaspace       used 18889K, capacity 19106K, committed 19456K, reserved 1067008K
  class space    used 2148K, capacity 2237K, committed 2304K, reserved 1048576K
Event: 2.501 GC heap after
Heap after GC invocations=1 (full 0):
 PSYoungGen      total 36864K, used 5113K [0x00000000d7100000, 0x00000000d9a00000, 0x0000000100000000)
  eden space 31744K, 0% used [0x00000000d7100000,0x00000000d7100000,0x00000000d9000000)
  from space 5120K, 99% used [0x00000000d9000000,0x00000000d94fe5a0,0x00000000d9500000)
  to   space 5120K, 0% used [0x00000000d9500000,0x00000000d9500000,0x00000000d9a00000)
 ParOldGen       total 84992K, used 2298K [0x0000000085200000, 0x000000008a500000, 0x00000000d7100000)
  object space 84992K, 2% used [0x0000000085200000,0x000000008543eb80,0x000000008a500000)
 Metaspace       used 18889K, capacity 19106K, committed 19456K, reserved 1067008K
  class space    used 2148K, capacity 2237K, committed 2304K, reserved 1048576K
}
Event: 2.777 GC heap before
{Heap before GC invocations=2 (full 0):
 PSYoungGen      total 36864K, used 21731K [0x00000000d7100000, 0x00000000d9a00000, 0x0000000100000000)
  eden space 31744K, 52% used [0x00000000d7100000,0x00000000d813a8c0,0x00000000d9000000)
  from space 5120K, 99% used [0x00000000d9000000,0x00000000d94fe5a0,0x00000000d9500000)
  to   space 5120K, 0% used [0x00000000d9500000,0x00000000d9500000,0x00000000d9a00000)
 ParOldGen       total 84992K, used 2298K [0x0000000085200000, 0x000000008a500000, 0x00000000d7100000)
  object space 84992K, 2% used [0x0000000085200000,0x000000008543eb80,0x000000008a500000)
 Metaspace       used 20847K, capacity 21096K, committed 21296K, reserved 1069056K
  class space    used 2339K, capacity 2430K, committed 2432K, reserved 1048576K
Event: 2.782 GC heap after
Heap after GC invocations=2 (full 0):
 PSYoungGen      total 36864K, used 5094K [0x00000000d7100000, 0x00000000db900000, 0x0000000100000000)
  eden space 31744K, 0% used [0x00000000d7100000,0x00000000d7100000,0x00000000d9000000)
  from space 5120K, 99% used [0x00000000d9500000,0x00000000d99f98d0,0x00000000d9a00000)
  to   space 5120K, 0% used [0x00000000d9000000,0x00000000d9000000,0x00000000d9500000)
 ParOldGen       total 84992K, used 4285K [0x0000000085200000, 0x000000008a500000, 0x00000000d7100000)
  object space 84992K, 5% used [0x0000000085200000,0x000000008562f6d8,0x000000008a500000)
 Metaspace       used 20847K, capacity 21096K, committed 21296K, reserved 1069056K
  class space    used 2339K, capacity 2430K, committed 2432K, reserved 1048576K
}
Event: 2.782 GC heap before
{Heap before GC invocations=3 (full 1):
 PSYoungGen      total 36864K, used 5094K [0x00000000d7100000, 0x00000000db900000, 0x0000000100000000)
  eden space 31744K, 0% used [0x00000000d7100000,0x00000000d7100000,0x00000000d9000000)
  from space 5120K, 99% used [0x00000000d9500000,0x00000000d99f98d0,0x00000000d9a00000)
  to   space 5120K, 0% used [0x00000000d9000000,0x00000000d9000000,0x00000000d9500000)
 ParOldGen       total 84992K, used 4285K [0x0000000085200000, 0x000000008a500000, 0x00000000d7100000)
  object space 84992K, 5% used [0x0000000085200000,0x000000008562f6d8,0x000000008a500000)
 Metaspace       used 20847K, capacity 21096K, committed 21296K, reserved 1069056K
  class space    used 2339K, capacity 2430K, committed 2432K, reserved 1048576K
Event: 2.805 GC heap after
Heap after GC invocations=3 (full 1):
 PSYoungGen      total 36864K, used 0K [0x00000000d7100000, 0x00000000db900000, 0x0000000100000000)
  eden space 31744K, 0% used [0x00000000d7100000,0x00000000d7100000,0x00000000d9000000)
  from space 5120K, 0% used [0x00000000d9500000,0x00000000d9500000,0x00000000d9a00000)
  to   space 5120K, 0% used [0x00000000d9000000,0x00000000d9000000,0x00000000d9500000)
 ParOldGen       total 55808K, used 7109K [0x0000000085200000, 0x0000000088880000, 0x00000000d7100000)
  object space 55808K, 12% used [0x0000000085200000,0x00000000858f1520,0x0000000088880000)
 Metaspace       used 20847K, capacity 21096K, committed 21296K, reserved 1069056K
  class space    used 2339K, capacity 2430K, committed 2432K, reserved 1048576K
}
Event: 39.376 GC heap before
{Heap before GC invocations=4 (full 1):
 PSYoungGen      total 36864K, used 31744K [0x00000000d7100000, 0x00000000db900000, 0x0000000100000000)
  eden space 31744K, 100% used [0x00000000d7100000,0x00000000d9000000,0x00000000d9000000)
  from space 5120K, 0% used [0x00000000d9500000,0x00000000d9500000,0x00000000d9a00000)
  to   space 5120K, 0% used [0x00000000d9000000,0x00000000d9000000,0x00000000d9500000)
 ParOldGen       total 55808K, used 7109K [0x0000000085200000, 0x0000000088880000, 0x00000000d7100000)
  object space 55808K, 12% used [0x0000000085200000,0x00000000858f1520,0x0000000088880000)
 Metaspace       used 23880K, capacity 24134K, committed 24576K, reserved 1071104K
  class space    used 2623K, capacity 2691K, committed 2816K, reserved 1048576K
Event: 39.379 GC heap after
Heap after GC invocations=4 (full 1):
 PSYoungGen      total 36864K, used 3056K [0x00000000d7100000, 0x00000000da880000, 0x0000000100000000)
  eden space 31744K, 0% used [0x00000000d7100000,0x00000000d7100000,0x00000000d9000000)
  from space 5120K, 59% used [0x00000000d9000000,0x00000000d92fc360,0x00000000d9500000)
  to   space 5120K, 0% used [0x00000000da380000,0x00000000da380000,0x00000000da880000)
 ParOldGen       total 55808K, used 7117K [0x0000000085200000, 0x0000000088880000, 0x00000000d7100000)
  object space 55808K, 12% used [0x0000000085200000,0x00000000858f3520,0x0000000088880000)
 Metaspace       used 23880K, capacity 24134K, committed 24576K, reserved 1071104K
  class space    used 2623K, capacity 2691K, committed 2816K, reserved 1048576K
}

Deoptimization events (10 events):
Event: 42.840 Thread 0x00007fba843a4800 Uncommon trap: reason=bimorphic action=maybe_recompile pc=0x00007fba75a9c57c method=sun.java2d.loops.SurfaceType.pixelFor(ILjava/awt/image/ColorModel;)I @ 6
Event: 42.840 Thread 0x00007fba843a4800 Uncommon trap: reason=bimorphic action=maybe_recompile pc=0x00007fba75a9c57c method=sun.java2d.loops.SurfaceType.pixelFor(ILjava/awt/image/ColorModel;)I @ 6
Event: 129.631 Thread 0x00007fba843a4800 Uncommon trap: reason=unstable_if action=reinterpret pc=0x00007fba75b58360 method=javax.swing.LayoutComparator.compare(Ljava/awt/Component;Ljava/awt/Component;)I @ 2
Event: 151.869 Thread 0x00007fba843a4800 Uncommon trap: reason=unstable_if action=reinterpret pc=0x00007fba75a33f10 method=java.awt.Container.findComponentAtImpl(IIZ)Ljava/awt/Component; @ 24
Event: 181.918 Thread 0x00007fba04028000 Uncommon trap: reason=unstable_if action=reinterpret pc=0x00007fba7568019c method=org.h2.table.TableFilter.getBestPlanItem(Lorg/h2/engine/Session;I)Lorg/h2/table/PlanItem; @ 161
Event: 243.357 Thread 0x00007fba04024800 Uncommon trap: reason=bimorphic action=maybe_recompile pc=0x00007fba757e9bb0 method=org.h2.value.Value.convertTo(I)Lorg/h2/value/Value; @ 1186
Event: 243.358 Thread 0x00007fba04024800 Uncommon trap: reason=bimorphic action=maybe_recompile pc=0x00007fba757e9bb0 method=org.h2.value.Value.convertTo(I)Lorg/h2/value/Value; @ 1186
Event: 280.959 Thread 0x00007fba0400e800 Uncommon trap: reason=bimorphic action=maybe_recompile pc=0x00007fba757e9bb0 method=org.h2.value.Value.convertTo(I)Lorg/h2/value/Value; @ 1186
Event: 280.959 Thread 0x00007fba0400e800 Uncommon trap: reason=bimorphic action=maybe_recompile pc=0x00007fba757e9bb0 method=org.h2.value.Value.convertTo(I)Lorg/h2/value/Value; @ 1186
Event: 286.396 Thread 0x00007fba0402a000 Uncommon trap: reason=unstable_if action=reinterpret pc=0x00007fba75966d7c method=org.h2.index.BaseIndex.getCostRangeIndex([IJLorg/h2/table/TableFilter;Lorg/h2/result/SortOrder;)J @ 276

Classes redefined (0 events):
No events

Internal exceptions (10 events):
Event: 244.990 Thread 0x00007fba843a4800 Exception <a 'java/net/BindException'> (0x00000000d7dac158) thrown at [/build/openjdk-8-OdO8jS/openjdk-8-8u162-b12/src/hotspot/src/share/vm/prims/jni.cpp, line 709]
Event: 244.992 Thread 0x00007fba843a4800 Exception <a 'java/net/BindException'> (0x00000000d7dae2c0) thrown at [/build/openjdk-8-OdO8jS/openjdk-8-8u162-b12/src/hotspot/src/share/vm/prims/jni.cpp, line 709]
Event: 280.933 Thread 0x00007fba843a4800 Exception <a 'java/net/BindException'> (0x00000000d7e083e0) thrown at [/build/openjdk-8-OdO8jS/openjdk-8-8u162-b12/src/hotspot/src/share/vm/prims/jni.cpp, line 709]
Event: 280.936 Thread 0x00007fba843a4800 Exception <a 'java/net/BindException'> (0x00000000d7e0a548) thrown at [/build/openjdk-8-OdO8jS/openjdk-8-8u162-b12/src/hotspot/src/share/vm/prims/jni.cpp, line 709]
Event: 281.205 Thread 0x00007fba843a4800 Exception <a 'java/net/BindException'> (0x00000000d7e2e700) thrown at [/build/openjdk-8-OdO8jS/openjdk-8-8u162-b12/src/hotspot/src/share/vm/prims/jni.cpp, line 709]
Event: 281.207 Thread 0x00007fba843a4800 Exception <a 'java/net/BindException'> (0x00000000d7e30868) thrown at [/build/openjdk-8-OdO8jS/openjdk-8-8u162-b12/src/hotspot/src/share/vm/prims/jni.cpp, line 709]
Event: 286.373 Thread 0x00007fba843a4800 Exception <a 'java/net/BindException'> (0x00000000d7e865b8) thrown at [/build/openjdk-8-OdO8jS/openjdk-8-8u162-b12/src/hotspot/src/share/vm/prims/jni.cpp, line 709]
Event: 286.375 Thread 0x00007fba843a4800 Exception <a 'java/net/BindException'> (0x00000000d7e88720) thrown at [/build/openjdk-8-OdO8jS/openjdk-8-8u162-b12/src/hotspot/src/share/vm/prims/jni.cpp, line 709]
Event: 368.803 Thread 0x00007fba843a4800 Exception <a 'org/gnu/glpk/GlpkException': function glp_set_mat_row failed> (0x00000000d8068120) thrown at [/build/openjdk-8-OdO8jS/openjdk-8-8u162-b12/src/hotspot/src/share/vm/prims/jni.cpp, line 735]
Event: 368.836 Thread 0x00007fba843a4800 Exception <a 'java/lang/UnsupportedOperationException': > (0x00000000d80afda0) thrown at [/build/openjdk-8-OdO8jS/openjdk-8-8u162-b12/src/hotspot/src/share/vm/prims/jni.cpp, line 735]

Events (10 events):
Event: 368.810 Thread 0x00007fba840c4000 flushing nmethod 0x00007fba75773b10
Event: 368.810 Thread 0x00007fba840c4000 flushing nmethod 0x00007fba75779a90
Event: 368.810 Thread 0x00007fba840c4000 flushing nmethod 0x00007fba7578d750
Event: 368.811 Thread 0x00007fba840c4000 flushing nmethod 0x00007fba75852ed0
Event: 368.811 Thread 0x00007fba840c4000 flushing nmethod 0x00007fba75854f10
Event: 368.811 Thread 0x00007fba840c4000 flushing nmethod 0x00007fba758eb410
Event: 368.815 Executing VM operation: RevokeBias
Event: 368.816 Executing VM operation: RevokeBias done
Event: 368.818 Thread 0x00007fba840c8800 flushing nmethod 0x00007fba7593abd0
Event: 368.819 Thread 0x00007fba840c8800 flushing nmethod 0x00007fba75b8df90


Dynamic libraries:
00400000-00401000 r-xp 00000000 08:07 1848782                            /usr/lib/jvm/java-8-openjdk-amd64/jre/bin/java
00600000-00601000 r--p 00000000 08:07 1848782                            /usr/lib/jvm/java-8-openjdk-amd64/jre/bin/java
00601000-00602000 rw-p 00001000 08:07 1848782                            /usr/lib/jvm/java-8-openjdk-amd64/jre/bin/java
00ff3000-01014000 rw-p 00000000 00:00 0                                  [heap]
85200000-88880000 rw-p 00000000 00:00 0 
88880000-d7100000 ---p 00000000 00:00 0 
d7100000-da880000 rw-p 00000000 00:00 0 
da880000-100000000 ---p 00000000 00:00 0 
100000000-1002c0000 rw-p 00000000 00:00 0 
1002c0000-140000000 ---p 00000000 00:00 0 
7fb9ec000000-7fb9ec021000 rw-p 00000000 00:00 0 
7fb9ec021000-7fb9f0000000 ---p 00000000 00:00 0 
7fb9f0000000-7fb9f0021000 rw-p 00000000 00:00 0 
7fb9f0021000-7fb9f4000000 ---p 00000000 00:00 0 
7fb9f4000000-7fb9f4021000 rw-p 00000000 00:00 0 
7fb9f4021000-7fb9f8000000 ---p 00000000 00:00 0 
7fb9f8000000-7fb9f8021000 rw-p 00000000 00:00 0 
7fb9f8021000-7fb9fc000000 ---p 00000000 00:00 0 
7fb9fc000000-7fb9fc021000 rw-p 00000000 00:00 0 
7fb9fc021000-7fba00000000 ---p 00000000 00:00 0 
7fba00000000-7fba00021000 rw-p 00000000 00:00 0 
7fba00021000-7fba04000000 ---p 00000000 00:00 0 
7fba04000000-7fba0402e000 rw-p 00000000 00:00 0 
7fba0402e000-7fba08000000 ---p 00000000 00:00 0 
7fba08000000-7fba08047000 rw-p 00000000 00:00 0 
7fba08047000-7fba0c000000 ---p 00000000 00:00 0 
7fba0c000000-7fba0c021000 rw-p 00000000 00:00 0 
7fba0c021000-7fba10000000 ---p 00000000 00:00 0 
7fba1082c000-7fba1082e000 r-xp 00000000 08:07 1844933                    /usr/lib/x86_64-linux-gnu/libsuitesparseconfig.so.4.4.6
7fba1082e000-7fba10a2d000 ---p 00002000 08:07 1844933                    /usr/lib/x86_64-linux-gnu/libsuitesparseconfig.so.4.4.6
7fba10a2d000-7fba10a2e000 r--p 00001000 08:07 1844933                    /usr/lib/x86_64-linux-gnu/libsuitesparseconfig.so.4.4.6
7fba10a2e000-7fba10a2f000 rw-p 00002000 08:07 1844933                    /usr/lib/x86_64-linux-gnu/libsuitesparseconfig.so.4.4.6
7fba10a2f000-7fba10aae000 r-xp 00000000 08:07 1844286                    /usr/lib/x86_64-linux-gnu/libgmp.so.10.3.0
7fba10aae000-7fba10cad000 ---p 0007f000 08:07 1844286                    /usr/lib/x86_64-linux-gnu/libgmp.so.10.3.0
7fba10cad000-7fba10cae000 r--p 0007e000 08:07 1844286                    /usr/lib/x86_64-linux-gnu/libgmp.so.10.3.0
7fba10cae000-7fba10caf000 rw-p 0007f000 08:07 1844286                    /usr/lib/x86_64-linux-gnu/libgmp.so.10.3.0
7fba10caf000-7fba10cb8000 r-xp 00000000 08:07 1844557                    /usr/lib/x86_64-linux-gnu/libltdl.so.7.3.1
7fba10cb8000-7fba10eb7000 ---p 00009000 08:07 1844557                    /usr/lib/x86_64-linux-gnu/libltdl.so.7.3.1
7fba10eb7000-7fba10eb8000 r--p 00008000 08:07 1844557                    /usr/lib/x86_64-linux-gnu/libltdl.so.7.3.1
7fba10eb8000-7fba10eb9000 rw-p 00009000 08:07 1844557                    /usr/lib/x86_64-linux-gnu/libltdl.so.7.3.1
7fba10eb9000-7fba10ec1000 r-xp 00000000 08:07 1847842                    /usr/lib/x86_64-linux-gnu/libamd.so.2.4.1
7fba10ec1000-7fba110c0000 ---p 00008000 08:07 1847842                    /usr/lib/x86_64-linux-gnu/libamd.so.2.4.1
7fba110c0000-7fba110c1000 r--p 00007000 08:07 1847842                    /usr/lib/x86_64-linux-gnu/libamd.so.2.4.1
7fba110c1000-7fba110c2000 rw-p 00008000 08:07 1847842                    /usr/lib/x86_64-linux-gnu/libamd.so.2.4.1
7fba110c2000-7fba110c8000 r-xp 00000000 08:07 1843988                    /usr/lib/x86_64-linux-gnu/libcolamd.so.2.9.1
7fba110c8000-7fba112c7000 ---p 00006000 08:07 1843988                    /usr/lib/x86_64-linux-gnu/libcolamd.so.2.9.1
7fba112c7000-7fba112c8000 r--p 00005000 08:07 1843988                    /usr/lib/x86_64-linux-gnu/libcolamd.so.2.9.1
7fba112c8000-7fba112c9000 rw-p 00006000 08:07 1843988                    /usr/lib/x86_64-linux-gnu/libcolamd.so.2.9.1
7fba112c9000-7fba1139e000 r-xp 00000000 08:07 1883110                    /usr/lib/x86_64-linux-gnu/libglpk.so.36.2.0
7fba1139e000-7fba1159d000 ---p 000d5000 08:07 1883110                    /usr/lib/x86_64-linux-gnu/libglpk.so.36.2.0
7fba1159d000-7fba1159e000 r--p 000d4000 08:07 1883110                    /usr/lib/x86_64-linux-gnu/libglpk.so.36.2.0
7fba1159e000-7fba1159f000 rw-p 000d5000 08:07 1883110                    /usr/lib/x86_64-linux-gnu/libglpk.so.36.2.0
7fba1159f000-7fba115d1000 r-xp 00000000 08:07 1883113                    /usr/lib/x86_64-linux-gnu/jni/libglpk_java.so.36.2.0
7fba115d1000-7fba117d1000 ---p 00032000 08:07 1883113                    /usr/lib/x86_64-linux-gnu/jni/libglpk_java.so.36.2.0
7fba117d1000-7fba117d2000 r--p 00032000 08:07 1883113                    /usr/lib/x86_64-linux-gnu/jni/libglpk_java.so.36.2.0
7fba117d2000-7fba117d3000 rw-p 00033000 08:07 1883113                    /usr/lib/x86_64-linux-gnu/jni/libglpk_java.so.36.2.0
7fba117d3000-7fba117d6000 ---p 00000000 00:00 0 
7fba117d6000-7fba118d4000 rw-p 00000000 00:00 0 
7fba118d4000-7fba118d7000 ---p 00000000 00:00 0 
7fba118d7000-7fba119d5000 rw-p 00000000 00:00 0 
7fba119d5000-7fba119d8000 ---p 00000000 00:00 0 
7fba119d8000-7fba11ad6000 rw-p 00000000 00:00 0 
7fba11ad6000-7fba11ad9000 ---p 00000000 00:00 0 
7fba11ad9000-7fba11bd7000 rw-p 00000000 00:00 0 
7fba11bd7000-7fba11bda000 ---p 00000000 00:00 0 
7fba11bda000-7fba11cd8000 rw-p 00000000 00:00 0 
7fba11cd8000-7fba11cdb000 ---p 00000000 00:00 0 
7fba11cdb000-7fba11dd9000 rw-p 00000000 00:00 0 
7fba11dd9000-7fba11ddc000 ---p 00000000 00:00 0 
7fba11ddc000-7fba11eda000 rw-p 00000000 00:00 0 
7fba11eda000-7fba11edd000 ---p 00000000 00:00 0 
7fba11edd000-7fba11fdb000 rw-p 00000000 00:00 0 
7fba11fdb000-7fba11fde000 ---p 00000000 00:00 0 
7fba11fde000-7fba120dc000 rw-p 00000000 00:00 0 
7fba120dc000-7fba120df000 ---p 00000000 00:00 0 
7fba120df000-7fba121dd000 rw-p 00000000 00:00 0 
7fba121dd000-7fba121e0000 ---p 00000000 00:00 0 
7fba121e0000-7fba122de000 rw-p 00000000 00:00 0 
7fba122de000-7fba122e1000 ---p 00000000 00:00 0 
7fba122e1000-7fba123df000 rw-p 00000000 00:00 0 
7fba123df000-7fba123e2000 ---p 00000000 00:00 0 
7fba123e2000-7fba126a0000 rw-p 00000000 00:00 0 
7fba126a0000-7fba126e3000 ---p 00000000 00:00 0 
7fba126e3000-7fba129e1000 rw-p 00000000 00:00 0 
7fba129e1000-7fba129e4000 ---p 00000000 00:00 0 
7fba129e4000-7fba12ae2000 rw-p 00000000 00:00 0 
7fba12ae2000-7fba12ae5000 ---p 00000000 00:00 0 
7fba12ae5000-7fba12be3000 rw-p 00000000 00:00 0 
7fba12be3000-7fba12be6000 ---p 00000000 00:00 0 
7fba12be6000-7fba12ce4000 rw-p 00000000 00:00 0 
7fba12ce4000-7fba12ce7000 ---p 00000000 00:00 0 
7fba12ce7000-7fba12de5000 rw-p 00000000 00:00 0 
7fba12de5000-7fba12de8000 ---p 00000000 00:00 0 
7fba12de8000-7fba12ee6000 rw-p 00000000 00:00 0 
7fba12ee6000-7fba12ee9000 ---p 00000000 00:00 0 
7fba12ee9000-7fba131e7000 rw-p 00000000 00:00 0 
7fba131e7000-7fba133e7000 rw-p 00000000 00:00 0 
7fba133e7000-7fba133ea000 ---p 00000000 00:00 0 
7fba133ea000-7fba134e8000 rw-p 00000000 00:00 0 
7fba134e8000-7fba134eb000 ---p 00000000 00:00 0 
7fba134eb000-7fba135e9000 rw-p 00000000 00:00 0 
7fba135e9000-7fba135ec000 ---p 00000000 00:00 0 
7fba135ec000-7fba136ea000 rw-p 00000000 00:00 0 
7fba136ea000-7fba136ed000 ---p 00000000 00:00 0 
7fba136ed000-7fba137eb000 rw-p 00000000 00:00 0 
7fba137eb000-7fba137ee000 ---p 00000000 00:00 0 
7fba137ee000-7fba13aec000 rw-p 00000000 00:00 0 
7fba13aec000-7fba13aef000 ---p 00000000 00:00 0 
7fba13aef000-7fba13bed000 rw-p 00000000 00:00 0 
7fba13bed000-7fba13bfe000 r-xp 00000000 08:07 1848760                    /usr/lib/jvm/java-8-openjdk-amd64/jre/lib/amd64/libnio.so
7fba13bfe000-7fba13dfe000 ---p 00011000 08:07 1848760                    /usr/lib/jvm/java-8-openjdk-amd64/jre/lib/amd64/libnio.so
7fba13dfe000-7fba13dff000 r--p 00011000 08:07 1848760                    /usr/lib/jvm/java-8-openjdk-amd64/jre/lib/amd64/libnio.so
7fba13dff000-7fba13e00000 rw-p 00012000 08:07 1848760                    /usr/lib/jvm/java-8-openjdk-amd64/jre/lib/amd64/libnio.so
7fba13e00000-7fba14000000 rw-p 00000000 00:00 0 
7fba14000000-7fba14021000 rw-p 00000000 00:00 0 
7fba14021000-7fba18000000 ---p 00000000 00:00 0 
7fba18000000-7fba181f9000 rw-p 00000000 00:00 0 
7fba181f9000-7fba1c000000 ---p 00000000 00:00 0 
7fba1c000000-7fba1c021000 rw-p 00000000 00:00 0 
7fba1c021000-7fba20000000 ---p 00000000 00:00 0 
7fba20000000-7fba20086000 rw-p 00000000 00:00 0 
7fba20086000-7fba24000000 ---p 00000000 00:00 0 
7fba24000000-7fba24021000 rw-p 00000000 00:00 0 
7fba24021000-7fba28000000 ---p 00000000 00:00 0 
7fba28000000-7fba28021000 rw-p 00000000 00:00 0 
7fba28021000-7fba2c000000 ---p 00000000 00:00 0 
7fba2c000000-7fba2ca7f000 rw-p 00000000 00:00 0 
7fba2ca7f000-7fba30000000 ---p 00000000 00:00 0 
7fba30000000-7fba30021000 rw-p 00000000 00:00 0 
7fba30021000-7fba34000000 ---p 00000000 00:00 0 
7fba34000000-7fba37418000 rw-p 00000000 00:00 0 
7fba37418000-7fba38000000 ---p 00000000 00:00 0 
7fba38000000-7fba38f64000 rw-p 00000000 00:00 0 
7fba38f64000-7fba3c000000 ---p 00000000 00:00 0 
7fba3c000000-7fba3c04e000 rw-p 00000000 00:00 0 
7fba3c04e000-7fba40000000 ---p 00000000 00:00 0 
7fba40000000-7fba40021000 rw-p 00000000 00:00 0 
7fba40021000-7fba44000000 ---p 00000000 00:00 0 
7fba44000000-7fba44021000 rw-p 00000000 00:00 0 
7fba44021000-7fba48000000 ---p 00000000 00:00 0 
7fba48000000-7fba48051000 rw-p 00000000 00:00 0 
7fba48051000-7fba4c000000 ---p 00000000 00:00 0 
7fba4c000000-7fba4c021000 rw-p 00000000 00:00 0 
7fba4c021000-7fba50000000 ---p 00000000 00:00 0 
7fba50000000-7fba50021000 rw-p 00000000 00:00 0 
7fba50021000-7fba54000000 ---p 00000000 00:00 0 
7fba54000000-7fba54021000 rw-p 00000000 00:00 0 
7fba54021000-7fba58000000 ---p 00000000 00:00 0 
7fba58000000-7fba58062000 rw-p 00000000 00:00 0 
7fba58062000-7fba5c000000 ---p 00000000 00:00 0 
7fba5c000000-7fba5c021000 rw-p 00000000 00:00 0 
7fba5c021000-7fba60000000 ---p 00000000 00:00 0 
7fba60070000-7fba63071000 rw-p 00000000 00:00 0 
7fba63071000-7fba63087000 r-xp 00000000 08:07 1848755                    /usr/lib/jvm/java-8-openjdk-amd64/jre/lib/amd64/libnet.so
7fba63087000-7fba63287000 ---p 00016000 08:07 1848755                    /usr/lib/jvm/java-8-openjdk-amd64/jre/lib/amd64/libnet.so
7fba63287000-7fba63288000 r--p 00016000 08:07 1848755                    /usr/lib/jvm/java-8-openjdk-amd64/jre/lib/amd64/libnet.so
7fba63288000-7fba63289000 rw-p 00017000 08:07 1848755                    /usr/lib/jvm/java-8-openjdk-amd64/jre/lib/amd64/libnet.so
7fba63289000-7fba6328c000 ---p 00000000 00:00 0 
7fba6328c000-7fba6338a000 rw-p 00000000 00:00 0 
7fba6338a000-7fba6338d000 ---p 00000000 00:00 0 
7fba6338d000-7fba6348b000 rw-p 00000000 00:00 0 
7fba6348b000-7fba634e2000 r-xp 00000000 08:07 1844515                    /usr/lib/x86_64-linux-gnu/libjpeg.so.8.0.2
7fba634e2000-7fba636e2000 ---p 00057000 08:07 1844515                    /usr/lib/x86_64-linux-gnu/libjpeg.so.8.0.2
7fba636e2000-7fba636e3000 r--p 00057000 08:07 1844515                    /usr/lib/x86_64-linux-gnu/libjpeg.so.8.0.2
7fba636e3000-7fba636e4000 rw-p 00058000 08:07 1844515                    /usr/lib/x86_64-linux-gnu/libjpeg.so.8.0.2
7fba636e4000-7fba636ee000 r-xp 00000000 08:07 1848753                    /usr/lib/jvm/java-8-openjdk-amd64/jre/lib/amd64/libjavajpeg.so
7fba636ee000-7fba638ed000 ---p 0000a000 08:07 1848753                    /usr/lib/jvm/java-8-openjdk-amd64/jre/lib/amd64/libjavajpeg.so
7fba638ed000-7fba638ee000 r--p 00009000 08:07 1848753                    /usr/lib/jvm/java-8-openjdk-amd64/jre/lib/amd64/libjavajpeg.so
7fba638ee000-7fba638ef000 rw-p 0000a000 08:07 1848753                    /usr/lib/jvm/java-8-openjdk-amd64/jre/lib/amd64/libjavajpeg.so
7fba638ef000-7fba63aef000 rw-p 00000000 00:00 0 
7fba63aef000-7fba63af2000 ---p 00000000 00:00 0 
7fba63af2000-7fba63bf0000 rw-p 00000000 00:00 0 
7fba63bf0000-7fba63bf5000 r-xp 00000000 08:07 1843778                    /usr/lib/x86_64-linux-gnu/libXfixes.so.3.1.0
7fba63bf5000-7fba63df4000 ---p 00005000 08:07 1843778                    /usr/lib/x86_64-linux-gnu/libXfixes.so.3.1.0
7fba63df4000-7fba63df5000 r--p 00004000 08:07 1843778                    /usr/lib/x86_64-linux-gnu/libXfixes.so.3.1.0
7fba63df5000-7fba63df6000 rw-p 00005000 08:07 1843778                    /usr/lib/x86_64-linux-gnu/libXfixes.so.3.1.0
7fba63df6000-7fba63dff000 r-xp 00000000 08:07 1840615                    /usr/lib/x86_64-linux-gnu/libXcursor.so.1.0.2
7fba63dff000-7fba63ffe000 ---p 00009000 08:07 1840615                    /usr/lib/x86_64-linux-gnu/libXcursor.so.1.0.2
7fba63ffe000-7fba63fff000 r--p 00008000 08:07 1840615                    /usr/lib/x86_64-linux-gnu/libXcursor.so.1.0.2
7fba63fff000-7fba64000000 rw-p 00009000 08:07 1840615                    /usr/lib/x86_64-linux-gnu/libXcursor.so.1.0.2
7fba64000000-7fba64021000 rw-p 00000000 00:00 0 
7fba64021000-7fba68000000 ---p 00000000 00:00 0 
7fba680d3000-7fba680d6000 ---p 00000000 00:00 0 
7fba680d6000-7fba681d4000 rw-p 00000000 00:00 0 
7fba681d4000-7fba681d7000 ---p 00000000 00:00 0 
7fba681d7000-7fba682d5000 rw-p 00000000 00:00 0 
7fba682d5000-7fba682f9000 r-xp 00000000 08:07 136018                     /lib/x86_64-linux-gnu/libpng12.so.0.54.0
7fba682f9000-7fba684f8000 ---p 00024000 08:07 136018                     /lib/x86_64-linux-gnu/libpng12.so.0.54.0
7fba684f8000-7fba684f9000 r--p 00023000 08:07 136018                     /lib/x86_64-linux-gnu/libpng12.so.0.54.0
7fba684f9000-7fba684fa000 rw-p 00024000 08:07 136018                     /lib/x86_64-linux-gnu/libpng12.so.0.54.0
7fba684fa000-7fba6859e000 r-xp 00000000 08:07 1844201                    /usr/lib/x86_64-linux-gnu/libfreetype.so.6.12.1
7fba6859e000-7fba6879d000 ---p 000a4000 08:07 1844201                    /usr/lib/x86_64-linux-gnu/libfreetype.so.6.12.1
7fba6879d000-7fba687a3000 r--p 000a3000 08:07 1844201                    /usr/lib/x86_64-linux-gnu/libfreetype.so.6.12.1
7fba687a3000-7fba687a4000 rw-p 000a9000 08:07 1844201                    /usr/lib/x86_64-linux-gnu/libfreetype.so.6.12.1
7fba687c0000-7fba68812000 r-xp 00000000 08:07 1848735                    /usr/lib/jvm/java-8-openjdk-amd64/jre/lib/amd64/libfontmanager.so
7fba68812000-7fba68a12000 ---p 00052000 08:07 1848735                    /usr/lib/jvm/java-8-openjdk-amd64/jre/lib/amd64/libfontmanager.so
7fba68a12000-7fba68a14000 r--p 00052000 08:07 1848735                    /usr/lib/jvm/java-8-openjdk-amd64/jre/lib/amd64/libfontmanager.so
7fba68a14000-7fba68a15000 rw-p 00054000 08:07 1848735                    /usr/lib/jvm/java-8-openjdk-amd64/jre/lib/amd64/libfontmanager.so
7fba68a15000-7fba68a1a000 r-xp 00000000 08:07 1843774                    /usr/lib/x86_64-linux-gnu/libXdmcp.so.6.0.0
7fba68a1a000-7fba68c19000 ---p 00005000 08:07 1843774                    /usr/lib/x86_64-linux-gnu/libXdmcp.so.6.0.0
7fba68c19000-7fba68c1a000 r--p 00004000 08:07 1843774                    /usr/lib/x86_64-linux-gnu/libXdmcp.so.6.0.0
7fba68c1a000-7fba68c1b000 rw-p 00005000 08:07 1843774                    /usr/lib/x86_64-linux-gnu/libXdmcp.so.6.0.0
7fba68c1b000-7fba68c1d000 r-xp 00000000 08:07 1843763                    /usr/lib/x86_64-linux-gnu/libXau.so.6.0.0
7fba68c1d000-7fba68e1d000 ---p 00002000 08:07 1843763                    /usr/lib/x86_64-linux-gnu/libXau.so.6.0.0
7fba68e1d000-7fba68e1e000 r--p 00002000 08:07 1843763                    /usr/lib/x86_64-linux-gnu/libXau.so.6.0.0
7fba68e1e000-7fba68e1f000 rw-p 00003000 08:07 1843763                    /usr/lib/x86_64-linux-gnu/libXau.so.6.0.0
7fba68e1f000-7fba68e40000 r-xp 00000000 08:07 1845181                    /usr/lib/x86_64-linux-gnu/libxcb.so.1.1.0
7fba68e40000-7fba6903f000 ---p 00021000 08:07 1845181                    /usr/lib/x86_64-linux-gnu/libxcb.so.1.1.0
7fba6903f000-7fba69040000 r--p 00020000 08:07 1845181                    /usr/lib/x86_64-linux-gnu/libxcb.so.1.1.0
7fba69040000-7fba69041000 rw-p 00021000 08:07 1845181                    /usr/lib/x86_64-linux-gnu/libxcb.so.1.1.0
7fba69041000-7fba69050000 r-xp 00000000 08:07 1843786                    /usr/lib/x86_64-linux-gnu/libXi.so.6.1.0
7fba69050000-7fba6924f000 ---p 0000f000 08:07 1843786                    /usr/lib/x86_64-linux-gnu/libXi.so.6.1.0
7fba6924f000-7fba69250000 r--p 0000e000 08:07 1843786                    /usr/lib/x86_64-linux-gnu/libXi.so.6.1.0
7fba69250000-7fba69251000 rw-p 0000f000 08:07 1843786                    /usr/lib/x86_64-linux-gnu/libXi.so.6.1.0
7fba69251000-7fba69256000 r-xp 00000000 08:07 1843804                    /usr/lib/x86_64-linux-gnu/libXtst.so.6.1.0
7fba69256000-7fba69455000 ---p 00005000 08:07 1843804                    /usr/lib/x86_64-linux-gnu/libXtst.so.6.1.0
7fba69455000-7fba69456000 r--p 00004000 08:07 1843804                    /usr/lib/x86_64-linux-gnu/libXtst.so.6.1.0
7fba69456000-7fba69457000 rw-p 00005000 08:07 1843804                    /usr/lib/x86_64-linux-gnu/libXtst.so.6.1.0
7fba69457000-7fba69460000 r-xp 00000000 08:07 1843798                    /usr/lib/x86_64-linux-gnu/libXrender.so.1.3.0
7fba69460000-7fba6965f000 ---p 00009000 08:07 1843798                    /usr/lib/x86_64-linux-gnu/libXrender.so.1.3.0
7fba6965f000-7fba69660000 r--p 00008000 08:07 1843798                    /usr/lib/x86_64-linux-gnu/libXrender.so.1.3.0
7fba69660000-7fba69661000 rw-p 00009000 08:07 1843798                    /usr/lib/x86_64-linux-gnu/libXrender.so.1.3.0
7fba69661000-7fba69796000 r-xp 00000000 08:07 1843759                    /usr/lib/x86_64-linux-gnu/libX11.so.6.3.0
7fba69796000-7fba69996000 ---p 00135000 08:07 1843759                    /usr/lib/x86_64-linux-gnu/libX11.so.6.3.0
7fba69996000-7fba69997000 r--p 00135000 08:07 1843759                    /usr/lib/x86_64-linux-gnu/libX11.so.6.3.0
7fba69997000-7fba6999b000 rw-p 00136000 08:07 1843759                    /usr/lib/x86_64-linux-gnu/libX11.so.6.3.0
7fba6999b000-7fba699ac000 r-xp 00000000 08:07 1843776                    /usr/lib/x86_64-linux-gnu/libXext.so.6.4.0
7fba699ac000-7fba69bab000 ---p 00011000 08:07 1843776                    /usr/lib/x86_64-linux-gnu/libXext.so.6.4.0
7fba69bab000-7fba69bac000 r--p 00010000 08:07 1843776                    /usr/lib/x86_64-linux-gnu/libXext.so.6.4.0
7fba69bac000-7fba69bad000 rw-p 00011000 08:07 1843776                    /usr/lib/x86_64-linux-gnu/libXext.so.6.4.0
7fba69bae000-7fba69bb1000 rw-s 00000000 00:05 5832730                    /SYSV00000000 (deleted)
7fba69bb1000-7fba69bb6000 r--s 0009d000 08:07 1848730                    /usr/lib/jvm/java-8-openjdk-amd64/jre/lib/jsse.jar
7fba69bb6000-7fba69bc9000 r--s 00346000 08:07 1848770                    /usr/lib/jvm/java-8-openjdk-amd64/jre/lib/resources.jar
7fba69bc9000-7fba69c1e000 r-xp 00000000 08:07 1848746                    /usr/lib/jvm/java-8-openjdk-amd64/jre/lib/amd64/libawt_xawt.so
7fba69c1e000-7fba69e1d000 ---p 00055000 08:07 1848746                    /usr/lib/jvm/java-8-openjdk-amd64/jre/lib/amd64/libawt_xawt.so
7fba69e1d000-7fba69e1e000 r--p 00054000 08:07 1848746                    /usr/lib/jvm/java-8-openjdk-amd64/jre/lib/amd64/libawt_xawt.so
7fba69e1e000-7fba69e21000 rw-p 00055000 08:07 1848746                    /usr/lib/jvm/java-8-openjdk-amd64/jre/lib/amd64/libawt_xawt.so
7fba69e21000-7fba69e22000 rw-p 00000000 00:00 0 
7fba69e22000-7fba69ec2000 r-xp 00000000 08:07 1848767                    /usr/lib/jvm/java-8-openjdk-amd64/jre/lib/amd64/libawt.so
7fba69ec2000-7fba6a0c2000 ---p 000a0000 08:07 1848767                    /usr/lib/jvm/java-8-openjdk-amd64/jre/lib/amd64/libawt.so
7fba6a0c2000-7fba6a0c3000 r--p 000a0000 08:07 1848767                    /usr/lib/jvm/java-8-openjdk-amd64/jre/lib/amd64/libawt.so
7fba6a0c3000-7fba6a0ce000 rw-p 000a1000 08:07 1848767                    /usr/lib/jvm/java-8-openjdk-amd64/jre/lib/amd64/libawt.so
7fba6a0ce000-7fba6a0f3000 rw-p 00000000 00:00 0 
7fba6a0f3000-7fba6a131000 r--s 0025d000 08:08 15341930                   /home/elahee/Projects/NetBeansProjects/SysnovaFeed/xmlbeans-2.6.0.jar
7fba6a131000-7fba6a142000 r--s 00136000 08:08 15341929                   /home/elahee/Projects/NetBeansProjects/SysnovaFeed/poi-ooxml-3.15.jar
7fba6a142000-7fba6a16c000 r--s 0024c000 08:08 15341928                   /home/elahee/Projects/NetBeansProjects/SysnovaFeed/poi-3.15.jar
7fba6a16c000-7fba6a179000 r--s 000fa000 08:08 15341925                   /home/elahee/Projects/NetBeansProjects/SysnovaFeed/jfreechart-1.0.1.jar
7fba6a179000-7fba6a17b000 r--s 00009000 08:08 15341924                   /home/elahee/Projects/NetBeansProjects/SysnovaFeed/jdatepicker-1.3.4.jar
7fba6a17b000-7fba6a180000 r--s 00043000 08:08 15341923                   /home/elahee/Projects/NetBeansProjects/SysnovaFeed/jcommon-1.0.0.jar
7fba6a180000-7fba6a1bb000 r--s 002e6000 08:08 15341922                   /home/elahee/Projects/NetBeansProjects/SysnovaFeed/jasperreports-4.1.1.jar
7fba6a1bb000-7fba6a1c7000 r--s 00149000 08:08 15341921                   /home/elahee/Projects/NetBeansProjects/SysnovaFeed/jasper-compiler-jdt.jar
7fba6a1c7000-7fba6a1d3000 r--s 00108000 08:08 15341920                   /home/elahee/Projects/NetBeansProjects/SysnovaFeed/itext-2.1.7.jar
7fba6a1d3000-7fba6a1e0000 r--s 00189000 08:08 15341916                   /home/elahee/Projects/NetBeansProjects/SysnovaFeed/h2-1.3.176.jar
7fba6a1e0000-7fba6a22d000 r--s 0048f000 08:08 15341915                   /home/elahee/Projects/NetBeansProjects/SysnovaFeed/groovy-all-1.7.0.jar
7fba6a22d000-7fba6a22f000 r--s 0000a000 08:08 15341912                   /home/elahee/Projects/NetBeansProjects/SysnovaFeed/glpk-java.jar
7fba6a22f000-7fba6a231000 r--s 0000c000 08:08 15341914                   /home/elahee/Projects/NetBeansProjects/SysnovaFeed/glpk-java-sources.jar
7fba6a231000-7fba6a235000 r--s 00015000 08:08 15341911                   /home/elahee/Projects/NetBeansProjects/SysnovaFeed/curvesapi-1.04.jar
7fba6a235000-7fba6a239000 r--s 0001f000 08:08 15341909                   /home/elahee/Projects/NetBeansProjects/SysnovaFeed/commons-digester-1.7.jar
7fba6a239000-7fba6a247000 r--s 0007f000 08:08 15341907                   /home/elahee/Projects/NetBeansProjects/SysnovaFeed/commons-collections-3.2.1.jar
7fba6a247000-7fba6a262000 r--s 00394000 08:07 1848711                    /usr/lib/jvm/java-8-openjdk-amd64/jre/lib/ext/cldrdata.jar
7fba6a262000-7fba6a27d000 r--s 001d6000 08:07 1848713                    /usr/lib/jvm/java-8-openjdk-amd64/jre/lib/ext/nashorn.jar
7fba6a27d000-7fba6a27e000 ---p 00000000 00:00 0 
7fba6a27e000-7fba6a37e000 rw-p 00000000 00:00 0 
7fba6a37e000-7fba6a381000 ---p 00000000 00:00 0 
7fba6a381000-7fba6a47f000 rw-p 00000000 00:00 0 
7fba6a47f000-7fba6a482000 ---p 00000000 00:00 0 
7fba6a482000-7fba6a580000 rw-p 00000000 00:00 0 
7fba6a580000-7fba6a583000 ---p 00000000 00:00 0 
7fba6a583000-7fba6a681000 rw-p 00000000 00:00 0 
7fba6a681000-7fba6a684000 ---p 00000000 00:00 0 
7fba6a684000-7fba6a782000 rw-p 00000000 00:00 0 
7fba6a782000-7fba6a785000 ---p 00000000 00:00 0 
7fba6a785000-7fba6a883000 rw-p 00000000 00:00 0 
7fba6a883000-7fba6a886000 ---p 00000000 00:00 0 
7fba6a886000-7fba6a984000 rw-p 00000000 00:00 0 
7fba6a984000-7fba6a987000 ---p 00000000 00:00 0 
7fba6a987000-7fba6aa85000 rw-p 00000000 00:00 0 
7fba6aa85000-7fba6aa89000 r-xp 00000000 08:07 1848751                    /usr/lib/jvm/java-8-openjdk-amd64/jre/lib/amd64/libdt_socket.so
7fba6aa89000-7fba6ac88000 ---p 00004000 08:07 1848751                    /usr/lib/jvm/java-8-openjdk-amd64/jre/lib/amd64/libdt_socket.so
7fba6ac88000-7fba6ac89000 r--p 00003000 08:07 1848751                    /usr/lib/jvm/java-8-openjdk-amd64/jre/lib/amd64/libdt_socket.so
7fba6ac89000-7fba6ac8a000 rw-p 00004000 08:07 1848751                    /usr/lib/jvm/java-8-openjdk-amd64/jre/lib/amd64/libdt_socket.so
7fba6ac8a000-7fba6ac8d000 ---p 00000000 00:00 0 
7fba6ac8d000-7fba6ad8b000 rw-p 00000000 00:00 0 
7fba6ad8b000-7fba6ad8e000 ---p 00000000 00:00 0 
7fba6ad8e000-7fba6ae8c000 rw-p 00000000 00:00 0 
7fba6ae8c000-7fba6ae8f000 ---p 00000000 00:00 0 
7fba6ae8f000-7fba6af8d000 rw-p 00000000 00:00 0 
7fba6af8d000-7fba6af8e000 ---p 00000000 00:00 0 
7fba6af8e000-7fba6c000000 rw-p 00000000 00:00 0 
7fba6c000000-7fba6c021000 rw-p 00000000 00:00 0 
7fba6c021000-7fba70000000 ---p 00000000 00:00 0 
7fba70000000-7fba70002000 r--s 0002f000 08:08 15341913                   /home/elahee/Projects/NetBeansProjects/SysnovaFeed/glpk-java-javadoc.jar
7fba70002000-7fba70071000 rw-p 00000000 00:00 0 
7fba70071000-7fba7023f000 r--s 03c2c000 08:07 1848729                    /usr/lib/jvm/java-8-openjdk-amd64/jre/lib/rt.jar
7fba7023f000-7fba74bfc000 rw-p 00000000 00:00 0 
7fba74bfc000-7fba74bfd000 ---p 00000000 00:00 0 
7fba74bfd000-7fba74cfd000 rw-p 00000000 00:00 0 
7fba74cfd000-7fba74cfe000 ---p 00000000 00:00 0 
7fba74cfe000-7fba74dfe000 rw-p 00000000 00:00 0 
7fba74dfe000-7fba74dff000 ---p 00000000 00:00 0 
7fba74dff000-7fba74eff000 rw-p 00000000 00:00 0 
7fba74eff000-7fba74f00000 ---p 00000000 00:00 0 
7fba74f00000-7fba75000000 rw-p 00000000 00:00 0 
7fba75000000-7fba75d90000 rwxp 00000000 00:00 0 
7fba75d90000-7fba84000000 ---p 00000000 00:00 0 
7fba84000000-7fba84674000 rw-p 00000000 00:00 0 
7fba84674000-7fba88000000 ---p 00000000 00:00 0 
7fba88000000-7fba88001000 r--s 0009e000 08:08 15341926                   /home/elahee/Projects/NetBeansProjects/SysnovaFeed/jxl-2.6.9.jar.zip
7fba88001000-7fba8801d000 rw-p 00000000 00:00 0 
7fba8801d000-7fba88291000 ---p 00000000 00:00 0 
7fba88291000-7fba882ad000 rw-p 00000000 00:00 0 
7fba882ad000-7fba88520000 ---p 00000000 00:00 0 
7fba88520000-7fba8853d000 rw-p 00000000 00:00 0 
7fba8853d000-7fba88668000 ---p 00000000 00:00 0 
7fba88668000-7fba886a0000 rw-p 00000000 00:00 0 
7fba886a0000-7fba88a29000 ---p 00000000 00:00 0 
7fba88a29000-7fba88a31000 r-xp 00000000 08:07 1848742                    /usr/lib/jvm/java-8-openjdk-amd64/jre/lib/amd64/libzip.so
7fba88a31000-7fba88c30000 ---p 00008000 08:07 1848742                    /usr/lib/jvm/java-8-openjdk-amd64/jre/lib/amd64/libzip.so
7fba88c30000-7fba88c31000 r--p 00007000 08:07 1848742                    /usr/lib/jvm/java-8-openjdk-amd64/jre/lib/amd64/libzip.so
7fba88c31000-7fba88c32000 rw-p 00008000 08:07 1848742                    /usr/lib/jvm/java-8-openjdk-amd64/jre/lib/amd64/libzip.so
7fba88c32000-7fba88c3d000 r-xp 00000000 08:07 131170                     /lib/x86_64-linux-gnu/libnss_files-2.23.so
7fba88c3d000-7fba88e3c000 ---p 0000b000 08:07 131170                     /lib/x86_64-linux-gnu/libnss_files-2.23.so
7fba88e3c000-7fba88e3d000 r--p 0000a000 08:07 131170                     /lib/x86_64-linux-gnu/libnss_files-2.23.so
7fba88e3d000-7fba88e3e000 rw-p 0000b000 08:07 131170                     /lib/x86_64-linux-gnu/libnss_files-2.23.so
7fba88e3e000-7fba88e44000 rw-p 00000000 00:00 0 
7fba88e44000-7fba88e4f000 r-xp 00000000 08:07 135755                     /lib/x86_64-linux-gnu/libnss_nis-2.23.so
7fba88e4f000-7fba8904e000 ---p 0000b000 08:07 135755                     /lib/x86_64-linux-gnu/libnss_nis-2.23.so
7fba8904e000-7fba8904f000 r--p 0000a000 08:07 135755                     /lib/x86_64-linux-gnu/libnss_nis-2.23.so
7fba8904f000-7fba89050000 rw-p 0000b000 08:07 135755                     /lib/x86_64-linux-gnu/libnss_nis-2.23.so
7fba89050000-7fba89066000 r-xp 00000000 08:07 131097                     /lib/x86_64-linux-gnu/libnsl-2.23.so
7fba89066000-7fba89265000 ---p 00016000 08:07 131097                     /lib/x86_64-linux-gnu/libnsl-2.23.so
7fba89265000-7fba89266000 r--p 00015000 08:07 131097                     /lib/x86_64-linux-gnu/libnsl-2.23.so
7fba89266000-7fba89267000 rw-p 00016000 08:07 131097                     /lib/x86_64-linux-gnu/libnsl-2.23.so
7fba89267000-7fba89269000 rw-p 00000000 00:00 0 
7fba89269000-7fba89271000 r-xp 00000000 08:07 131165                     /lib/x86_64-linux-gnu/libnss_compat-2.23.so
7fba89271000-7fba89470000 ---p 00008000 08:07 131165                     /lib/x86_64-linux-gnu/libnss_compat-2.23.so
7fba89470000-7fba89471000 r--p 00007000 08:07 131165                     /lib/x86_64-linux-gnu/libnss_compat-2.23.so
7fba89471000-7fba89472000 rw-p 00008000 08:07 131165                     /lib/x86_64-linux-gnu/libnss_compat-2.23.so
7fba89472000-7fba89799000 r--p 00000000 08:07 1836007                    /usr/lib/locale/locale-archive
7fba89799000-7fba8979b000 r-xp 00000000 08:07 1848749                    /usr/lib/jvm/java-8-openjdk-amd64/jre/lib/amd64/libnpt.so
7fba8979b000-7fba8999b000 ---p 00002000 08:07 1848749                    /usr/lib/jvm/java-8-openjdk-amd64/jre/lib/amd64/libnpt.so
7fba8999b000-7fba8999c000 r--p 00002000 08:07 1848749                    /usr/lib/jvm/java-8-openjdk-amd64/jre/lib/amd64/libnpt.so
7fba8999c000-7fba8999d000 rw-p 00003000 08:07 1848749                    /usr/lib/jvm/java-8-openjdk-amd64/jre/lib/amd64/libnpt.so
7fba8999d000-7fba899d8000 r-xp 00000000 08:07 1848757                    /usr/lib/jvm/java-8-openjdk-amd64/jre/lib/amd64/libjdwp.so
7fba899d8000-7fba89bd8000 ---p 0003b000 08:07 1848757                    /usr/lib/jvm/java-8-openjdk-amd64/jre/lib/amd64/libjdwp.so
7fba89bd8000-7fba89bd9000 r--p 0003b000 08:07 1848757                    /usr/lib/jvm/java-8-openjdk-amd64/jre/lib/amd64/libjdwp.so
7fba89bd9000-7fba89bda000 rw-p 0003c000 08:07 1848757                    /usr/lib/jvm/java-8-openjdk-amd64/jre/lib/amd64/libjdwp.so
7fba89bda000-7fba89c07000 r-xp 00000000 08:07 1848745                    /usr/lib/jvm/java-8-openjdk-amd64/jre/lib/amd64/libjava.so
7fba89c07000-7fba89e06000 ---p 0002d000 08:07 1848745                    /usr/lib/jvm/java-8-openjdk-amd64/jre/lib/amd64/libjava.so
7fba89e06000-7fba89e07000 r--p 0002c000 08:07 1848745                    /usr/lib/jvm/java-8-openjdk-amd64/jre/lib/amd64/libjava.so
7fba89e07000-7fba89e09000 rw-p 0002d000 08:07 1848745                    /usr/lib/jvm/java-8-openjdk-amd64/jre/lib/amd64/libjava.so
7fba89e09000-7fba89e18000 r-xp 00000000 08:07 1848754                    /usr/lib/jvm/java-8-openjdk-amd64/jre/lib/amd64/libverify.so
7fba89e18000-7fba8a017000 ---p 0000f000 08:07 1848754                    /usr/lib/jvm/java-8-openjdk-amd64/jre/lib/amd64/libverify.so
7fba8a017000-7fba8a019000 r--p 0000e000 08:07 1848754                    /usr/lib/jvm/java-8-openjdk-amd64/jre/lib/amd64/libverify.so
7fba8a019000-7fba8a01a000 rw-p 00010000 08:07 1848754                    /usr/lib/jvm/java-8-openjdk-amd64/jre/lib/amd64/libverify.so
7fba8a01a000-7fba8a021000 r-xp 00000000 08:07 135756                     /lib/x86_64-linux-gnu/librt-2.23.so
7fba8a021000-7fba8a220000 ---p 00007000 08:07 135756                     /lib/x86_64-linux-gnu/librt-2.23.so
7fba8a220000-7fba8a221000 r--p 00006000 08:07 135756                     /lib/x86_64-linux-gnu/librt-2.23.so
7fba8a221000-7fba8a222000 rw-p 00007000 08:07 135756                     /lib/x86_64-linux-gnu/librt-2.23.so
7fba8a222000-7fba8a238000 r-xp 00000000 08:07 135915                     /lib/x86_64-linux-gnu/libgcc_s.so.1
7fba8a238000-7fba8a437000 ---p 00016000 08:07 135915                     /lib/x86_64-linux-gnu/libgcc_s.so.1
7fba8a437000-7fba8a438000 rw-p 00015000 08:07 135915                     /lib/x86_64-linux-gnu/libgcc_s.so.1
7fba8a438000-7fba8a540000 r-xp 00000000 08:07 131089                     /lib/x86_64-linux-gnu/libm-2.23.so
7fba8a540000-7fba8a73f000 ---p 00108000 08:07 131089                     /lib/x86_64-linux-gnu/libm-2.23.so
7fba8a73f000-7fba8a740000 r--p 00107000 08:07 131089                     /lib/x86_64-linux-gnu/libm-2.23.so
7fba8a740000-7fba8a741000 rw-p 00108000 08:07 131089                     /lib/x86_64-linux-gnu/libm-2.23.so
7fba8a741000-7fba8a8b3000 r-xp 00000000 08:07 1837189                    /usr/lib/x86_64-linux-gnu/libstdc++.so.6.0.21
7fba8a8b3000-7fba8aab3000 ---p 00172000 08:07 1837189                    /usr/lib/x86_64-linux-gnu/libstdc++.so.6.0.21
7fba8aab3000-7fba8aabd000 r--p 00172000 08:07 1837189                    /usr/lib/x86_64-linux-gnu/libstdc++.so.6.0.21
7fba8aabd000-7fba8aabf000 rw-p 0017c000 08:07 1837189                    /usr/lib/x86_64-linux-gnu/libstdc++.so.6.0.21
7fba8aabf000-7fba8aac3000 rw-p 00000000 00:00 0 
7fba8aac3000-7fba8b71b000 r-xp 00000000 08:07 1848740                    /usr/lib/jvm/java-8-openjdk-amd64/jre/lib/amd64/server/libjvm.so
7fba8b71b000-7fba8b91b000 ---p 00c58000 08:07 1848740                    /usr/lib/jvm/java-8-openjdk-amd64/jre/lib/amd64/server/libjvm.so
7fba8b91b000-7fba8b9ae000 r--p 00c58000 08:07 1848740                    /usr/lib/jvm/java-8-openjdk-amd64/jre/lib/amd64/server/libjvm.so
7fba8b9ae000-7fba8b9d7000 rw-p 00ceb000 08:07 1848740                    /usr/lib/jvm/java-8-openjdk-amd64/jre/lib/amd64/server/libjvm.so
7fba8b9d7000-7fba8ba07000 rw-p 00000000 00:00 0 
7fba8ba07000-7fba8ba1f000 r-xp 00000000 08:07 131156                     /lib/x86_64-linux-gnu/libpthread-2.23.so
7fba8ba1f000-7fba8bc1e000 ---p 00018000 08:07 131156                     /lib/x86_64-linux-gnu/libpthread-2.23.so
7fba8bc1e000-7fba8bc1f000 r--p 00017000 08:07 131156                     /lib/x86_64-linux-gnu/libpthread-2.23.so
7fba8bc1f000-7fba8bc20000 rw-p 00018000 08:07 131156                     /lib/x86_64-linux-gnu/libpthread-2.23.so
7fba8bc20000-7fba8bc24000 rw-p 00000000 00:00 0 
7fba8bc24000-7fba8bc27000 r-xp 00000000 08:07 131159                     /lib/x86_64-linux-gnu/libdl-2.23.so
7fba8bc27000-7fba8be26000 ---p 00003000 08:07 131159                     /lib/x86_64-linux-gnu/libdl-2.23.so
7fba8be26000-7fba8be27000 r--p 00002000 08:07 131159                     /lib/x86_64-linux-gnu/libdl-2.23.so
7fba8be27000-7fba8be28000 rw-p 00003000 08:07 131159                     /lib/x86_64-linux-gnu/libdl-2.23.so
7fba8be28000-7fba8be41000 r-xp 00000000 08:07 136068                     /lib/x86_64-linux-gnu/libz.so.1.2.8
7fba8be41000-7fba8c040000 ---p 00019000 08:07 136068                     /lib/x86_64-linux-gnu/libz.so.1.2.8
7fba8c040000-7fba8c041000 r--p 00018000 08:07 136068                     /lib/x86_64-linux-gnu/libz.so.1.2.8
7fba8c041000-7fba8c042000 rw-p 00019000 08:07 136068                     /lib/x86_64-linux-gnu/libz.so.1.2.8
7fba8c042000-7fba8c202000 r-xp 00000000 08:07 131157                     /lib/x86_64-linux-gnu/libc-2.23.so
7fba8c202000-7fba8c402000 ---p 001c0000 08:07 131157                     /lib/x86_64-linux-gnu/libc-2.23.so
7fba8c402000-7fba8c406000 r--p 001c0000 08:07 131157                     /lib/x86_64-linux-gnu/libc-2.23.so
7fba8c406000-7fba8c408000 rw-p 001c4000 08:07 131157                     /lib/x86_64-linux-gnu/libc-2.23.so
7fba8c408000-7fba8c40c000 rw-p 00000000 00:00 0 
7fba8c40c000-7fba8c419000 r-xp 00000000 08:07 1848750                    /usr/lib/jvm/java-8-openjdk-amd64/jre/lib/amd64/jli/libjli.so
7fba8c419000-7fba8c619000 ---p 0000d000 08:07 1848750                    /usr/lib/jvm/java-8-openjdk-amd64/jre/lib/amd64/jli/libjli.so
7fba8c619000-7fba8c61a000 r--p 0000d000 08:07 1848750                    /usr/lib/jvm/java-8-openjdk-amd64/jre/lib/amd64/jli/libjli.so
7fba8c61a000-7fba8c61b000 rw-p 0000e000 08:07 1848750                    /usr/lib/jvm/java-8-openjdk-amd64/jre/lib/amd64/jli/libjli.so
7fba8c61b000-7fba8c641000 r-xp 00000000 08:07 131155                     /lib/x86_64-linux-gnu/ld-2.23.so
7fba8c641000-7fba8c642000 r--s 0000c000 08:08 15341910                   /home/elahee/Projects/NetBeansProjects/SysnovaFeed/commons-logging-1.1.jar
7fba8c642000-7fba8c644000 r--s 0000b000 08:08 15341908                   /home/elahee/Projects/NetBeansProjects/SysnovaFeed/commons-dbutils-1.4.jar
7fba8c644000-7fba8c649000 r--s 00034000 08:08 15341906                   /home/elahee/Projects/NetBeansProjects/SysnovaFeed/commons-beanutils-1.8.2.jar
7fba8c649000-7fba8c64a000 r--s 00000000 08:07 2637402                    /usr/local/netbeans-8.1/java/modules/ext/AbsoluteLayout.jar
7fba8c64a000-7fba8c64b000 r--s 0000a000 08:07 1848708                    /usr/lib/jvm/java-8-openjdk-amd64/jre/lib/ext/jaccess.jar
7fba8c64b000-7fba8c64e000 r--s 00038000 08:07 1848703                    /usr/lib/jvm/java-8-openjdk-amd64/jre/lib/ext/sunpkcs11.jar
7fba8c64e000-7fba8c653000 r--s 0003b000 08:07 1848707                    /usr/lib/jvm/java-8-openjdk-amd64/jre/lib/ext/sunjce_provider.jar
7fba8c653000-7fba8c71e000 rw-p 00000000 00:00 0 
7fba8c71e000-7fba8c721000 ---p 00000000 00:00 0 
7fba8c721000-7fba8c823000 rw-p 00000000 00:00 0 
7fba8c823000-7fba8c825000 r--s 00001000 08:07 1848710                    /usr/lib/jvm/java-8-openjdk-amd64/jre/lib/ext/dnsns.jar
7fba8c825000-7fba8c826000 r--s 00010000 08:07 1848712                    /usr/lib/jvm/java-8-openjdk-amd64/jre/lib/ext/zipfs.jar
7fba8c826000-7fba8c829000 r--s 0000f000 08:07 1848706                    /usr/lib/jvm/java-8-openjdk-amd64/jre/lib/ext/icedtea-sound.jar
7fba8c829000-7fba8c82b000 r--s 00008000 08:07 1848709                    /usr/lib/jvm/java-8-openjdk-amd64/jre/lib/ext/sunec.jar
7fba8c82b000-7fba8c835000 r--s 00116000 08:07 1848705                    /usr/lib/jvm/java-8-openjdk-amd64/jre/lib/ext/localedata.jar
7fba8c835000-7fba8c83d000 rw-s 00000000 08:07 2260575                    /tmp/hsperfdata_root/3938
7fba8c83d000-7fba8c83e000 rw-p 00000000 00:00 0 
7fba8c83e000-7fba8c83f000 r--p 00000000 00:00 0 
7fba8c83f000-7fba8c840000 rw-p 00000000 00:00 0 
7fba8c840000-7fba8c841000 r--p 00025000 08:07 131155                     /lib/x86_64-linux-gnu/ld-2.23.so
7fba8c841000-7fba8c842000 rw-p 00026000 08:07 131155                     /lib/x86_64-linux-gnu/ld-2.23.so
7fba8c842000-7fba8c843000 rw-p 00000000 00:00 0 
7ffefb7cb000-7ffefb7ec000 rw-p 00000000 00:00 0                          [stack]
7ffefb7f5000-7ffefb7f8000 r--p 00000000 00:00 0                          [vvar]
7ffefb7f8000-7ffefb7fa000 r-xp 00000000 00:00 0                          [vdso]
ffffffffff600000-ffffffffff601000 r-xp 00000000 00:00 0                  [vsyscall]

VM Arguments:
jvm_args: -Xdebug -Xrunjdwp:transport=dt_socket,address=localhost:37931 -Dfile.encoding=UTF-8 
java_command: SysnovaFeed.FeedFormula
java_class_path (initial): /usr/local/netbeans-8.1/java/modules/ext/AbsoluteLayout.jar:/home/elahee/Projects/NetBeansProjects/SysnovaFeed/commons-beanutils-1.8.2.jar:/home/elahee/Projects/NetBeansProjects/SysnovaFeed/commons-collections-3.2.1.jar:/home/elahee/Projects/NetBeansProjects/SysnovaFeed/commons-dbutils-1.4.jar:/home/elahee/Projects/NetBeansProjects/SysnovaFeed/commons-digester-1.7.jar:/home/elahee/Projects/NetBeansProjects/SysnovaFeed/commons-logging-1.1.jar:/home/elahee/Projects/NetBeansProjects/SysnovaFeed/curvesapi-1.04.jar:/home/elahee/Projects/NetBeansProjects/SysnovaFeed/glpk-java-javadoc.jar:/home/elahee/Projects/NetBeansProjects/SysnovaFeed/glpk-java-sources.jar:/home/elahee/Projects/NetBeansProjects/SysnovaFeed/glpk-java.jar:/home/elahee/Projects/NetBeansProjects/SysnovaFeed/groovy-all-1.7.0.jar:/home/elahee/Projects/NetBeansProjects/SysnovaFeed/h2-1.3.176.jar:/home/elahee/Projects/NetBeansProjects/SysnovaFeed/itext-2.1.7.jar:/home/elahee/Projects/NetBeansProjects/SysnovaFeed/jasper-compiler-jdt.jar:/home/elahee/Projects/NetBeansProjects/SysnovaFeed/jasperreports-4.1.1.jar:/home/elahee/Projects/NetBeansProjects/SysnovaFeed/jcommon-1.0.0.jar:/home/elahee/Projects/NetBeansProjects/SysnovaFeed/jdatepicker-1.3.4.jar:/home/elahee/Projects/NetBeansProjects/SysnovaFeed/jfreechart-1.0.1.jar:/home/elahee/Projects/NetBeansProjects/SysnovaFeed/poi-3.15.jar:/home/elahee/Projects/NetBeansProjects/SysnovaFeed/poi-ooxml-3.15.jar:/home/elahee/Projects/NetBeansProjects/SysnovaFeed/xmlbeans-2.6.0.jar:/home/elahee/Projects/NetBeansProjects/SysnovaFeed/jxl-2.6.9.jar.zip:/home/elahee/Projects/NetBeansProjects/SysnovaFeed/build/classes
Launcher Type: SUN_STANDARD

Environment Variables:
PATH=/usr/local/sbin:/usr/local/bin:/usr/sbin:/usr/bin:/sbin:/bin:/usr/games:/usr/local/games
LD_LIBRARY_PATH=/usr/lib/jvm/java-8-openjdk-amd64/jre/lib/amd64:/usr/lib/jvm/java-8-openjdk-amd64/jre/lib/i386:
SHELL=/bin/bash
DISPLAY=:0

Signal Handlers:
SIGSEGV: [libjvm.so+0xa6dcc0], sa_mask[0]=11111111011111111101111111111110, sa_flags=SA_RESTART|SA_SIGINFO
SIGBUS: [libjvm.so+0xa6dcc0], sa_mask[0]=11111111011111111101111111111110, sa_flags=SA_RESTART|SA_SIGINFO
SIGFPE: [libjvm.so+0x8b5350], sa_mask[0]=11111111011111111101111111111110, sa_flags=SA_RESTART|SA_SIGINFO
SIGPIPE: [libjvm.so+0x8b5350], sa_mask[0]=11111111011111111101111111111110, sa_flags=SA_RESTART|SA_SIGINFO
SIGXFSZ: [libjvm.so+0x8b5350], sa_mask[0]=11111111011111111101111111111110, sa_flags=SA_RESTART|SA_SIGINFO
SIGILL: [libjvm.so+0x8b5350], sa_mask[0]=11111111011111111101111111111110, sa_flags=SA_RESTART|SA_SIGINFO
SIGUSR1: SIG_DFL, sa_mask[0]=00000000000000000000000000000000, sa_flags=none
SIGUSR2: [libjvm.so+0x8b5200], sa_mask[0]=00100000000000000000000000000000, sa_flags=SA_RESTART|SA_SIGINFO
SIGHUP: [libjvm.so+0x8b56d0], sa_mask[0]=11111111011111111101111111111110, sa_flags=SA_RESTART|SA_SIGINFO
SIGINT: SIG_IGN, sa_mask[0]=00000000000000000000000000000000, sa_flags=none
SIGTERM: [libjvm.so+0x8b56d0], sa_mask[0]=11111111011111111101111111111110, sa_flags=SA_RESTART|SA_SIGINFO
SIGQUIT: [libjvm.so+0x8b56d0], sa_mask[0]=11111111011111111101111111111110, sa_flags=SA_RESTART|SA_SIGINFO


---------------  S Y S T E M  ---------------

OS:DISTRIB_ID=Ubuntu
DISTRIB_RELEASE=16.04
DISTRIB_CODENAME=xenial
DISTRIB_DESCRIPTION="Ubuntu 16.04.3 LTS"

uname:Linux 4.13.0-41-generic #46~16.04.1-Ubuntu SMP Thu May 3 10:06:43 UTC 2018 x86_64
libc:glibc 2.23 NPTL 2.23 
rlimit: STACK 8192k, CORE 0k, NPROC 31225, NOFILE 1048576, AS infinity
load average:0.54 0.73 0.66

/proc/meminfo:
MemTotal:        8046464 kB
MemFree:         3037592 kB
MemAvailable:    4318768 kB
Buffers:          188088 kB
Cached:          1467972 kB
SwapCached:            0 kB
Active:          3674620 kB
Inactive:        1091052 kB
Active(anon):    3111044 kB
Inactive(anon):   196596 kB
Active(file):     563576 kB
Inactive(file):   894456 kB
Unevictable:          32 kB
Mlocked:              32 kB
SwapTotal:       7811068 kB
SwapFree:        7811068 kB
Dirty:               216 kB
Writeback:             0 kB
AnonPages:       3109692 kB
Mapped:           475496 kB
Shmem:            198036 kB
Slab:             136656 kB
SReclaimable:      95680 kB
SUnreclaim:        40976 kB
KernelStack:       14176 kB
PageTables:        45452 kB
NFS_Unstable:          0 kB
Bounce:                0 kB
WritebackTmp:          0 kB
CommitLimit:    11834300 kB
Committed_AS:    9216704 kB
VmallocTotal:   34359738367 kB
VmallocUsed:           0 kB
VmallocChunk:          0 kB
HardwareCorrupted:     0 kB
AnonHugePages:         0 kB
ShmemHugePages:        0 kB
ShmemPmdMapped:        0 kB
CmaTotal:              0 kB
CmaFree:               0 kB
HugePages_Total:       0
HugePages_Free:        0
HugePages_Rsvd:        0
HugePages_Surp:        0
Hugepagesize:       2048 kB
DirectMap4k:      131636 kB
DirectMap2M:     6037504 kB
DirectMap1G:     2097152 kB


CPU:total 4 (initial active 4) (2 cores per cpu, 2 threads per core) family 6 model 94 stepping 3, cmov, cx8, fxsr, mmx, sse, sse2, sse3, ssse3, sse4.1, sse4.2, popcnt, avx, avx2, aes, clmul, erms, 3dnowpref, lzcnt, ht, tsc, tscinvbit, bmi1, bmi2, adx

/proc/cpuinfo:
processor	: 0
vendor_id	: GenuineIntel
cpu family	: 6
model		: 94
model name	: Intel(R) Core(TM) i3-6100 CPU @ 3.70GHz
stepping	: 3
microcode	: 0x74
cpu MHz		: 3700.075
cache size	: 3072 KB
physical id	: 0
siblings	: 4
core id		: 0
cpu cores	: 2
apicid		: 0
initial apicid	: 0
fpu		: yes
fpu_exception	: yes
cpuid level	: 22
wp		: yes
flags		: fpu vme de pse tsc msr pae mce cx8 apic sep mtrr pge mca cmov pat pse36 clflush dts acpi mmx fxsr sse sse2 ss ht tm pbe syscall nx pdpe1gb rdtscp lm constant_tsc art arch_perfmon pebs bts rep_good nopl xtopology nonstop_tsc cpuid aperfmperf tsc_known_freq pni pclmulqdq dtes64 monitor ds_cpl vmx est tm2 ssse3 sdbg fma cx16 xtpr pdcm pcid sse4_1 sse4_2 x2apic movbe popcnt aes xsave avx f16c rdrand lahf_lm abm 3dnowprefetch cpuid_fault invpcid_single pti retpoline intel_pt rsb_ctxsw tpr_shadow vnmi flexpriority ept vpid fsgsbase tsc_adjust bmi1 avx2 smep bmi2 erms invpcid mpx rdseed adx smap clflushopt xsaveopt xsavec xgetbv1 xsaves dtherm arat pln pts hwp hwp_notify hwp_act_window hwp_epp
bugs		: cpu_meltdown spectre_v1 spectre_v2
bogomips	: 7392.00
clflush size	: 64
cache_alignment	: 64
address sizes	: 39 bits physical, 48 bits virtual
power management:

processor	: 1
vendor_id	: GenuineIntel
cpu family	: 6
model		: 94
model name	: Intel(R) Core(TM) i3-6100 CPU @ 3.70GHz
stepping	: 3
microcode	: 0x74
cpu MHz		: 3700.183
cache size	: 3072 KB
physical id	: 0
siblings	: 4
core id		: 1
cpu cores	: 2
apicid		: 2
initial apicid	: 2
fpu		: yes
fpu_exception	: yes
cpuid level	: 22
wp		: yes
flags		: fpu vme de pse tsc msr pae mce cx8 apic sep mtrr pge mca cmov pat pse36 clflush dts acpi mmx fxsr sse sse2 ss ht tm pbe syscall nx pdpe1gb rdtscp lm constant_tsc art arch_perfmon pebs bts rep_good nopl xtopology nonstop_tsc cpuid aperfmperf tsc_known_freq pni pclmulqdq dtes64 monitor ds_cpl vmx est tm2 ssse3 sdbg fma cx16 xtpr pdcm pcid sse4_1 sse4_2 x2apic movbe popcnt aes xsave avx f16c rdrand lahf_lm abm 3dnowprefetch cpuid_fault invpcid_single pti retpoline intel_pt rsb_ctxsw tpr_shadow vnmi flexpriority ept vpid fsgsbase tsc_adjust bmi1 avx2 smep bmi2 erms invpcid mpx rdseed adx smap clflushopt xsaveopt xsavec xgetbv1 xsaves dtherm arat pln pts hwp hwp_notify hwp_act_window hwp_epp
bugs		: cpu_meltdown spectre_v1 spectre_v2
bogomips	: 7392.00
clflush size	: 64
cache_alignment	: 64
address sizes	: 39 bits physical, 48 bits virtual
power management:

processor	: 2
vendor_id	: GenuineIntel
cpu family	: 6
model		: 94
model name	: Intel(R) Core(TM) i3-6100 CPU @ 3.70GHz
stepping	: 3
microcode	: 0x74
cpu MHz		: 3700.001
cache size	: 3072 KB
physical id	: 0
siblings	: 4
core id		: 0
cpu cores	: 2
apicid		: 1
initial apicid	: 1
fpu		: yes
fpu_exception	: yes
cpuid level	: 22
wp		: yes
flags		: fpu vme de pse tsc msr pae mce cx8 apic sep mtrr pge mca cmov pat pse36 clflush dts acpi mmx fxsr sse sse2 ss ht tm pbe syscall nx pdpe1gb rdtscp lm constant_tsc art arch_perfmon pebs bts rep_good nopl xtopology nonstop_tsc cpuid aperfmperf tsc_known_freq pni pclmulqdq dtes64 monitor ds_cpl vmx est tm2 ssse3 sdbg fma cx16 xtpr pdcm pcid sse4_1 sse4_2 x2apic movbe popcnt aes xsave avx f16c rdrand lahf_lm abm 3dnowprefetch cpuid_fault invpcid_single pti retpoline intel_pt rsb_ctxsw tpr_shadow vnmi flexpriority ept vpid fsgsbase tsc_adjust bmi1 avx2 smep bmi2 erms invpcid mpx rdseed adx smap clflushopt xsaveopt xsavec xgetbv1 xsaves dtherm arat pln pts hwp hwp_notify hwp_act_window hwp_epp
bugs		: cpu_meltdown spectre_v1 spectre_v2
bogomips	: 7392.00
clflush size	: 64
cache_alignment	: 64
address sizes	: 39 bits physical, 48 bits virtual
power management:

processor	: 3
vendor_id	: GenuineIntel
cpu family	: 6
model		: 94
model name	: Intel(R) Core(TM) i3-6100 CPU @ 3.70GHz
stepping	: 3
microcode	: 0x74
cpu MHz		: 3700.002
cache size	: 3072 KB
physical id	: 0
siblings	: 4
core id		: 1
cpu cores	: 2
apicid		: 3
initial apicid	: 3
fpu		: yes
fpu_exception	: yes
cpuid level	: 22
wp		: yes
flags		: fpu vme de pse tsc msr pae mce cx8 apic sep mtrr pge mca cmov pat pse36 clflush dts acpi mmx fxsr sse sse2 ss ht tm pbe syscall nx pdpe1gb rdtscp lm constant_tsc art arch_perfmon pebs bts rep_good nopl xtopology nonstop_tsc cpuid aperfmperf tsc_known_freq pni pclmulqdq dtes64 monitor ds_cpl vmx est tm2 ssse3 sdbg fma cx16 xtpr pdcm pcid sse4_1 sse4_2 x2apic movbe popcnt aes xsave avx f16c rdrand lahf_lm abm 3dnowprefetch cpuid_fault invpcid_single pti retpoline intel_pt rsb_ctxsw tpr_shadow vnmi flexpriority ept vpid fsgsbase tsc_adjust bmi1 avx2 smep bmi2 erms invpcid mpx rdseed adx smap clflushopt xsaveopt xsavec xgetbv1 xsaves dtherm arat pln pts hwp hwp_notify hwp_act_window hwp_epp
bugs		: cpu_meltdown spectre_v1 spectre_v2
bogomips	: 7392.00
clflush size	: 64
cache_alignment	: 64
address sizes	: 39 bits physical, 48 bits virtual
power management:



Memory: 4k page, physical 8046464k(3037468k free), swap 7811068k(7811068k free)

vm_info: OpenJDK 64-Bit Server VM (25.162-b12) for linux-amd64 JRE (1.8.0_162-8u162-b12-0ubuntu0.16.04.2-b12), built on Mar 14 2018 12:11:18 by "buildd" with gcc 5.4.0 20160609

time: Wed May  9 17:06:11 2018
elapsed time: 370 seconds (0d 0h 6m 10s)

